2021-09-19 16:02:35.136 [restartedMain] INFO  o.s.b.d.env.DevToolsPropertyDefaultsPostProcessor - Devtools property defaults active! Set 'spring.devtools.add-properties' to 'false' to disable
2021-09-19 16:02:37.082 [restartedMain] INFO  c.a.n.client.config.impl.LocalConfigInfoProcessor - LOCAL_SNAPSHOT_PATH:C:\Users\86182\nacos\config
2021-09-19 16:02:37.125 [restartedMain] INFO  com.alibaba.nacos.client.config.impl.Limiter - limitTime:5.0
2021-09-19 16:02:46.312 [restartedMain] INFO  com.alibaba.nacos.client.config.utils.JvmUtil - isMultiInstance:false
2021-09-19 16:02:46.322 [restartedMain] INFO  o.s.c.b.c.PropertySourceBootstrapConfiguration - Located property source: [BootstrapPropertySource {name='bootstrapProperties-nacos-config-client-dev.yml,DEFAULT_GROUP'}, BootstrapPropertySource {name='bootstrapProperties-nacos-config-client.yml,DEFAULT_GROUP'}, BootstrapPropertySource {name='bootstrapProperties-nacos-config-client,DEFAULT_GROUP'}]
2021-09-19 16:02:46.326 [restartedMain] INFO  com.wuzhangze.eduservice.EduApplication - The following profiles are active: dev
2021-09-19 16:02:47.883 [restartedMain] INFO  o.s.d.r.config.RepositoryConfigurationDelegate - Multiple Spring Data modules found, entering strict repository configuration mode!
2021-09-19 16:02:47.891 [restartedMain] INFO  o.s.d.r.config.RepositoryConfigurationDelegate - Bootstrapping Spring Data Redis repositories in DEFAULT mode.
2021-09-19 16:02:47.935 [restartedMain] INFO  o.s.d.r.config.RepositoryConfigurationDelegate - Finished Spring Data repository scanning in 16ms. Found 0 Redis repository interfaces.
2021-09-19 16:02:48.223 [restartedMain] INFO  o.springframework.cloud.context.scope.GenericScope - BeanFactory id=1626c25d-303f-3181-914e-56f593b483d5
2021-09-19 16:02:48.264 [restartedMain] INFO  o.s.c.s.PostProcessorRegistrationDelegate$BeanPostProcessorChecker - Bean 'com.wuzhangze.eduservice.client.MemberClient' of type [org.springframework.cloud.openfeign.FeignClientFactoryBean] is not eligible for getting processed by all BeanPostProcessors (for example: not eligible for auto-proxying)
2021-09-19 16:02:48.264 [restartedMain] INFO  o.s.c.s.PostProcessorRegistrationDelegate$BeanPostProcessorChecker - Bean 'com.wuzhangze.eduservice.client.OrderClient' of type [org.springframework.cloud.openfeign.FeignClientFactoryBean] is not eligible for getting processed by all BeanPostProcessors (for example: not eligible for auto-proxying)
2021-09-19 16:02:48.264 [restartedMain] INFO  o.s.c.s.PostProcessorRegistrationDelegate$BeanPostProcessorChecker - Bean 'com.wuzhangze.eduservice.client.VodClient' of type [org.springframework.cloud.openfeign.FeignClientFactoryBean] is not eligible for getting processed by all BeanPostProcessors (for example: not eligible for auto-proxying)
2021-09-19 16:02:48.575 [restartedMain] INFO  o.s.c.s.PostProcessorRegistrationDelegate$BeanPostProcessorChecker - Bean 'redisConfig' of type [com.wuzhangze.servicebase.RedisConfig$$EnhancerBySpringCGLIB$$8f324447] is not eligible for getting processed by all BeanPostProcessors (for example: not eligible for auto-proxying)
2021-09-19 16:02:48.734 [restartedMain] INFO  o.s.c.s.PostProcessorRegistrationDelegate$BeanPostProcessorChecker - Bean 'spring.cloud.sentinel-com.alibaba.cloud.sentinel.SentinelProperties' of type [com.alibaba.cloud.sentinel.SentinelProperties] is not eligible for getting processed by all BeanPostProcessors (for example: not eligible for auto-proxying)
2021-09-19 16:02:48.788 [restartedMain] INFO  o.s.c.s.PostProcessorRegistrationDelegate$BeanPostProcessorChecker - Bean 'com.alibaba.cloud.sentinel.custom.SentinelAutoConfiguration' of type [com.alibaba.cloud.sentinel.custom.SentinelAutoConfiguration] is not eligible for getting processed by all BeanPostProcessors (for example: not eligible for auto-proxying)
2021-09-19 16:02:49.229 [restartedMain] INFO  o.s.boot.web.embedded.tomcat.TomcatWebServer - Tomcat initialized with port(s): 8001 (http)
2021-09-19 16:02:49.239 [restartedMain] INFO  org.apache.coyote.http11.Http11NioProtocol - Initializing ProtocolHandler ["http-nio-8001"]
2021-09-19 16:02:49.239 [restartedMain] INFO  org.apache.catalina.core.StandardService - Starting service [Tomcat]
2021-09-19 16:02:49.240 [restartedMain] INFO  org.apache.catalina.core.StandardEngine - Starting Servlet engine: [Apache Tomcat/9.0.37]
2021-09-19 16:02:49.385 [restartedMain] INFO  o.a.c.core.ContainerBase.[Tomcat].[localhost].[/] - Initializing Spring embedded WebApplicationContext
2021-09-19 16:02:49.386 [restartedMain] INFO  o.s.b.w.s.c.ServletWebServerApplicationContext - Root WebApplicationContext: initialization completed in 3041 ms
2021-09-19 16:02:51.553 [restartedMain] INFO  c.a.cloud.sentinel.SentinelWebAutoConfiguration - [Sentinel Starter] register SentinelWebInterceptor with urlPatterns: [/**].
2021-09-19 16:02:53.658 [restartedMain] INFO  org.springframework.cloud.commons.util.InetUtils - Cannot determine local hostname
2021-09-19 16:02:53.661 [restartedMain] INFO  com.alibaba.nacos.client.naming - initializer namespace from System Property :null
2021-09-19 16:02:53.662 [restartedMain] INFO  com.alibaba.nacos.client.naming - initializer namespace from System Environment :null
2021-09-19 16:02:53.663 [restartedMain] INFO  com.alibaba.nacos.client.naming - initializer namespace from System Property :null
2021-09-19 16:02:53.812 [restartedMain] INFO  o.s.b.actuate.endpoint.web.EndpointLinksResolver - Exposing 20 endpoint(s) beneath base path '/actuator'
2021-09-19 16:02:53.996 [restartedMain] INFO  s.d.s.w.PropertySourcedRequestMappingHandlerMapping - Mapped URL path [/v2/api-docs] onto method [springfox.documentation.swagger2.web.Swagger2Controller#getDocumentation(String, HttpServletRequest)]
2021-09-19 16:02:54.022 [restartedMain] INFO  com.netflix.config.sources.URLConfigurationSource - To enable URLs as dynamic configuration sources, define System property archaius.configurationSource.additionalUrls or make config.properties available on classpath.
2021-09-19 16:02:54.026 [restartedMain] INFO  com.netflix.config.sources.URLConfigurationSource - To enable URLs as dynamic configuration sources, define System property archaius.configurationSource.additionalUrls or make config.properties available on classpath.
2021-09-19 16:02:54.164 [restartedMain] INFO  o.s.scheduling.concurrent.ThreadPoolTaskExecutor - Initializing ExecutorService 'applicationTaskExecutor'
2021-09-19 16:02:54.288 [restartedMain] INFO  o.s.scheduling.concurrent.ThreadPoolTaskScheduler - Initializing ExecutorService 'Nacos-Watch-Task-Scheduler'
2021-09-19 16:02:56.359 [restartedMain] INFO  org.springframework.cloud.commons.util.InetUtils - Cannot determine local hostname
2021-09-19 16:03:04.739 [restartedMain] INFO  com.alibaba.nacos.client.naming - [LISTENER] adding DEFAULT_GROUP@@service-edu with DEFAULT to listener map
2021-09-19 16:03:04.742 [restartedMain] INFO  org.apache.coyote.http11.Http11NioProtocol - Starting ProtocolHandler ["http-nio-8001"]
2021-09-19 16:03:04.756 [restartedMain] INFO  o.s.scheduling.concurrent.ThreadPoolTaskExecutor - Shutting down ExecutorService 'applicationTaskExecutor'
2021-09-19 16:03:04.758 [restartedMain] INFO  com.alibaba.nacos.client.naming - com.alibaba.nacos.client.naming.beat.BeatReactor do shutdown begin
2021-09-19 16:03:04.758 [restartedMain] INFO  com.alibaba.nacos.client.naming - com.alibaba.nacos.client.naming.beat.BeatReactor do shutdown stop
2021-09-19 16:03:04.758 [restartedMain] INFO  com.alibaba.nacos.client.naming - com.alibaba.nacos.client.naming.core.EventDispatcher do shutdown begin
2021-09-19 16:03:07.779 [restartedMain] INFO  com.alibaba.nacos.client.naming - com.alibaba.nacos.client.naming.core.EventDispatcher do shutdown stop
2021-09-19 16:03:07.779 [restartedMain] INFO  com.alibaba.nacos.client.naming - com.alibaba.nacos.client.naming.core.HostReactor do shutdown begin
2021-09-19 16:03:10.802 [restartedMain] INFO  com.alibaba.nacos.client.naming - com.alibaba.nacos.client.naming.core.PushReceiver do shutdown begin
2021-09-19 16:03:13.826 [restartedMain] INFO  com.alibaba.nacos.client.naming - com.alibaba.nacos.client.naming.core.PushReceiver do shutdown stop
2021-09-19 16:03:13.826 [restartedMain] INFO  com.alibaba.nacos.client.naming - com.alibaba.nacos.client.naming.backups.FailoverReactor do shutdown begin
2021-09-19 16:03:13.826 [restartedMain] INFO  com.alibaba.nacos.client.naming - com.alibaba.nacos.client.naming.backups.FailoverReactor do shutdown stop
2021-09-19 16:03:13.826 [restartedMain] INFO  com.alibaba.nacos.client.naming - com.alibaba.nacos.client.naming.core.HostReactor do shutdown stop
2021-09-19 16:03:13.826 [restartedMain] INFO  com.alibaba.nacos.client.naming - com.alibaba.nacos.client.naming.net.NamingProxy do shutdown begin
2021-09-19 16:03:13.827 [restartedMain] INFO  com.alibaba.nacos.client.naming - com.alibaba.nacos.client.naming.net.NamingProxy do shutdown stop
2021-09-19 16:03:13.889 [restartedMain] INFO  org.apache.coyote.http11.Http11NioProtocol - Pausing ProtocolHandler ["http-nio-8001"]
2021-09-19 16:03:13.889 [restartedMain] INFO  org.apache.catalina.core.StandardService - Stopping service [Tomcat]
2021-09-19 16:03:13.893 [restartedMain] INFO  org.apache.coyote.http11.Http11NioProtocol - Stopping ProtocolHandler ["http-nio-8001"]
2021-09-19 16:03:13.894 [restartedMain] INFO  org.apache.coyote.http11.Http11NioProtocol - Destroying ProtocolHandler ["http-nio-8001"]
2021-09-19 16:03:13.905 [restartedMain] INFO  o.s.b.a.l.ConditionEvaluationReportLoggingListener - 

Error starting ApplicationContext. To display the conditions report re-run your application with 'debug' enabled.
2021-09-19 16:04:44.078 [restartedMain] INFO  o.s.b.d.env.DevToolsPropertyDefaultsPostProcessor - Devtools property defaults active! Set 'spring.devtools.add-properties' to 'false' to disable
2021-09-19 16:04:46.006 [restartedMain] INFO  c.a.n.client.config.impl.LocalConfigInfoProcessor - LOCAL_SNAPSHOT_PATH:C:\Users\86182\nacos\config
2021-09-19 16:04:46.037 [restartedMain] INFO  com.alibaba.nacos.client.config.impl.Limiter - limitTime:5.0
2021-09-19 16:04:55.155 [restartedMain] INFO  com.alibaba.nacos.client.config.utils.JvmUtil - isMultiInstance:false
2021-09-19 16:04:55.164 [restartedMain] INFO  o.s.c.b.c.PropertySourceBootstrapConfiguration - Located property source: [BootstrapPropertySource {name='bootstrapProperties-nacos-config-client-dev.yml,DEFAULT_GROUP'}, BootstrapPropertySource {name='bootstrapProperties-nacos-config-client.yml,DEFAULT_GROUP'}, BootstrapPropertySource {name='bootstrapProperties-nacos-config-client,DEFAULT_GROUP'}]
2021-09-19 16:04:55.168 [restartedMain] INFO  com.wuzhangze.eduservice.EduApplication - The following profiles are active: dev
2021-09-19 16:04:56.215 [restartedMain] INFO  o.s.d.r.config.RepositoryConfigurationDelegate - Multiple Spring Data modules found, entering strict repository configuration mode!
2021-09-19 16:04:56.216 [restartedMain] INFO  o.s.d.r.config.RepositoryConfigurationDelegate - Bootstrapping Spring Data Redis repositories in DEFAULT mode.
2021-09-19 16:04:56.241 [restartedMain] INFO  o.s.d.r.config.RepositoryConfigurationDelegate - Finished Spring Data repository scanning in 14ms. Found 0 Redis repository interfaces.
2021-09-19 16:04:56.460 [restartedMain] INFO  o.springframework.cloud.context.scope.GenericScope - BeanFactory id=1626c25d-303f-3181-914e-56f593b483d5
2021-09-19 16:04:56.499 [restartedMain] INFO  o.s.c.s.PostProcessorRegistrationDelegate$BeanPostProcessorChecker - Bean 'com.wuzhangze.eduservice.client.MemberClient' of type [org.springframework.cloud.openfeign.FeignClientFactoryBean] is not eligible for getting processed by all BeanPostProcessors (for example: not eligible for auto-proxying)
2021-09-19 16:04:56.501 [restartedMain] INFO  o.s.c.s.PostProcessorRegistrationDelegate$BeanPostProcessorChecker - Bean 'com.wuzhangze.eduservice.client.OrderClient' of type [org.springframework.cloud.openfeign.FeignClientFactoryBean] is not eligible for getting processed by all BeanPostProcessors (for example: not eligible for auto-proxying)
2021-09-19 16:04:56.501 [restartedMain] INFO  o.s.c.s.PostProcessorRegistrationDelegate$BeanPostProcessorChecker - Bean 'com.wuzhangze.eduservice.client.VodClient' of type [org.springframework.cloud.openfeign.FeignClientFactoryBean] is not eligible for getting processed by all BeanPostProcessors (for example: not eligible for auto-proxying)
2021-09-19 16:04:56.731 [restartedMain] INFO  o.s.c.s.PostProcessorRegistrationDelegate$BeanPostProcessorChecker - Bean 'redisConfig' of type [com.wuzhangze.servicebase.RedisConfig$$EnhancerBySpringCGLIB$$8a39a5d1] is not eligible for getting processed by all BeanPostProcessors (for example: not eligible for auto-proxying)
2021-09-19 16:04:56.836 [restartedMain] INFO  o.s.c.s.PostProcessorRegistrationDelegate$BeanPostProcessorChecker - Bean 'spring.cloud.sentinel-com.alibaba.cloud.sentinel.SentinelProperties' of type [com.alibaba.cloud.sentinel.SentinelProperties] is not eligible for getting processed by all BeanPostProcessors (for example: not eligible for auto-proxying)
2021-09-19 16:04:56.889 [restartedMain] INFO  o.s.c.s.PostProcessorRegistrationDelegate$BeanPostProcessorChecker - Bean 'com.alibaba.cloud.sentinel.custom.SentinelAutoConfiguration' of type [com.alibaba.cloud.sentinel.custom.SentinelAutoConfiguration] is not eligible for getting processed by all BeanPostProcessors (for example: not eligible for auto-proxying)
2021-09-19 16:04:57.285 [restartedMain] INFO  o.s.boot.web.embedded.tomcat.TomcatWebServer - Tomcat initialized with port(s): 8001 (http)
2021-09-19 16:04:57.294 [restartedMain] INFO  org.apache.coyote.http11.Http11NioProtocol - Initializing ProtocolHandler ["http-nio-8001"]
2021-09-19 16:04:57.294 [restartedMain] INFO  org.apache.catalina.core.StandardService - Starting service [Tomcat]
2021-09-19 16:04:57.294 [restartedMain] INFO  org.apache.catalina.core.StandardEngine - Starting Servlet engine: [Apache Tomcat/9.0.37]
2021-09-19 16:04:57.392 [restartedMain] INFO  o.a.c.core.ContainerBase.[Tomcat].[localhost].[/] - Initializing Spring embedded WebApplicationContext
2021-09-19 16:04:57.392 [restartedMain] INFO  o.s.b.w.s.c.ServletWebServerApplicationContext - Root WebApplicationContext: initialization completed in 2206 ms
2021-09-19 16:04:58.840 [restartedMain] INFO  o.s.b.d.autoconfigure.OptionalLiveReloadServer - LiveReload server is running on port 35729
2021-09-19 16:04:59.163 [restartedMain] INFO  c.a.cloud.sentinel.SentinelWebAutoConfiguration - [Sentinel Starter] register SentinelWebInterceptor with urlPatterns: [/**].
2021-09-19 16:05:01.054 [restartedMain] INFO  org.springframework.cloud.commons.util.InetUtils - Cannot determine local hostname
2021-09-19 16:05:01.058 [restartedMain] INFO  com.alibaba.nacos.client.naming - initializer namespace from System Property :null
2021-09-19 16:05:01.058 [restartedMain] INFO  com.alibaba.nacos.client.naming - initializer namespace from System Environment :null
2021-09-19 16:05:01.058 [restartedMain] INFO  com.alibaba.nacos.client.naming - initializer namespace from System Property :null
2021-09-19 16:05:01.186 [restartedMain] INFO  o.s.b.actuate.endpoint.web.EndpointLinksResolver - Exposing 20 endpoint(s) beneath base path '/actuator'
2021-09-19 16:05:01.323 [restartedMain] INFO  s.d.s.w.PropertySourcedRequestMappingHandlerMapping - Mapped URL path [/v2/api-docs] onto method [springfox.documentation.swagger2.web.Swagger2Controller#getDocumentation(String, HttpServletRequest)]
2021-09-19 16:05:01.347 [restartedMain] INFO  com.netflix.config.sources.URLConfigurationSource - To enable URLs as dynamic configuration sources, define System property archaius.configurationSource.additionalUrls or make config.properties available on classpath.
2021-09-19 16:05:01.352 [restartedMain] INFO  com.netflix.config.sources.URLConfigurationSource - To enable URLs as dynamic configuration sources, define System property archaius.configurationSource.additionalUrls or make config.properties available on classpath.
2021-09-19 16:05:01.487 [restartedMain] INFO  o.s.scheduling.concurrent.ThreadPoolTaskExecutor - Initializing ExecutorService 'applicationTaskExecutor'
2021-09-19 16:05:01.592 [restartedMain] INFO  o.s.scheduling.concurrent.ThreadPoolTaskScheduler - Initializing ExecutorService 'Nacos-Watch-Task-Scheduler'
2021-09-19 16:05:03.562 [restartedMain] INFO  org.springframework.cloud.commons.util.InetUtils - Cannot determine local hostname
2021-09-19 16:05:11.877 [restartedMain] INFO  com.alibaba.nacos.client.naming - [LISTENER] adding DEFAULT_GROUP@@service-edu with DEFAULT to listener map
2021-09-19 16:05:11.880 [restartedMain] INFO  org.apache.coyote.http11.Http11NioProtocol - Starting ProtocolHandler ["http-nio-8001"]
2021-09-19 16:05:11.900 [restartedMain] INFO  o.s.boot.web.embedded.tomcat.TomcatWebServer - Tomcat started on port(s): 8001 (http) with context path ''
2021-09-19 16:05:11.904 [restartedMain] INFO  com.alibaba.nacos.client.naming - [BEAT] adding beat: BeatInfo{port=8001, ip='192.168.163.1', weight=1.0, serviceName='DEFAULT_GROUP@@service-edu', cluster='DEFAULT', metadata={preserved.register.source=SPRING_CLOUD}, scheduled=false, period=5000, stopped=false} to beat map.
2021-09-19 16:05:11.906 [restartedMain] INFO  com.alibaba.nacos.client.naming - [REGISTER-SERVICE] public registering service DEFAULT_GROUP@@service-edu with instance: Instance{instanceId='null', ip='192.168.163.1', port=8001, weight=1.0, healthy=true, enabled=true, ephemeral=true, clusterName='DEFAULT', serviceName='null', metadata={preserved.register.source=SPRING_CLOUD}}
2021-09-19 16:05:20.065 [restartedMain] INFO  o.s.scheduling.concurrent.ThreadPoolTaskExecutor - Shutting down ExecutorService 'applicationTaskExecutor'
2021-09-19 16:05:20.066 [restartedMain] INFO  com.alibaba.nacos.client.naming - com.alibaba.nacos.client.naming.beat.BeatReactor do shutdown begin
2021-09-19 16:05:23.089 [restartedMain] INFO  com.alibaba.nacos.client.naming - com.alibaba.nacos.client.naming.beat.BeatReactor do shutdown stop
2021-09-19 16:05:23.089 [restartedMain] INFO  com.alibaba.nacos.client.naming - com.alibaba.nacos.client.naming.core.EventDispatcher do shutdown begin
2021-09-19 16:05:26.105 [restartedMain] INFO  com.alibaba.nacos.client.naming - com.alibaba.nacos.client.naming.core.EventDispatcher do shutdown stop
2021-09-19 16:05:26.105 [restartedMain] INFO  com.alibaba.nacos.client.naming - com.alibaba.nacos.client.naming.core.HostReactor do shutdown begin
2021-09-19 16:05:29.118 [restartedMain] INFO  com.alibaba.nacos.client.naming - com.alibaba.nacos.client.naming.core.PushReceiver do shutdown begin
2021-09-19 16:05:32.124 [restartedMain] INFO  com.alibaba.nacos.client.naming - com.alibaba.nacos.client.naming.core.PushReceiver do shutdown stop
2021-09-19 16:05:32.124 [restartedMain] INFO  com.alibaba.nacos.client.naming - com.alibaba.nacos.client.naming.backups.FailoverReactor do shutdown begin
2021-09-19 16:05:32.124 [restartedMain] INFO  com.alibaba.nacos.client.naming - com.alibaba.nacos.client.naming.backups.FailoverReactor do shutdown stop
2021-09-19 16:05:32.125 [restartedMain] INFO  com.alibaba.nacos.client.naming - com.alibaba.nacos.client.naming.core.HostReactor do shutdown stop
2021-09-19 16:05:32.125 [restartedMain] INFO  com.alibaba.nacos.client.naming - com.alibaba.nacos.client.naming.net.NamingProxy do shutdown begin
2021-09-19 16:05:32.125 [restartedMain] INFO  com.alibaba.nacos.client.naming - com.alibaba.nacos.client.naming.net.NamingProxy do shutdown stop
2021-09-19 16:05:32.145 [restartedMain] INFO  org.apache.coyote.http11.Http11NioProtocol - Pausing ProtocolHandler ["http-nio-8001"]
2021-09-19 16:05:32.471 [restartedMain] INFO  org.apache.catalina.core.StandardService - Stopping service [Tomcat]
2021-09-19 16:05:32.474 [restartedMain] INFO  org.apache.coyote.http11.Http11NioProtocol - Stopping ProtocolHandler ["http-nio-8001"]
2021-09-19 16:05:32.479 [restartedMain] INFO  org.apache.coyote.http11.Http11NioProtocol - Destroying ProtocolHandler ["http-nio-8001"]
2021-09-19 16:05:32.489 [restartedMain] INFO  o.s.b.a.l.ConditionEvaluationReportLoggingListener - 

Error starting ApplicationContext. To display the conditions report re-run your application with 'debug' enabled.
2021-09-19 16:07:33.433 [restartedMain] INFO  o.s.b.d.env.DevToolsPropertyDefaultsPostProcessor - Devtools property defaults active! Set 'spring.devtools.add-properties' to 'false' to disable
2021-09-19 16:07:35.390 [restartedMain] INFO  c.a.n.client.config.impl.LocalConfigInfoProcessor - LOCAL_SNAPSHOT_PATH:C:\Users\86182\nacos\config
2021-09-19 16:07:35.436 [restartedMain] INFO  com.alibaba.nacos.client.config.impl.Limiter - limitTime:5.0
2021-09-19 16:07:35.703 [restartedMain] INFO  com.alibaba.nacos.client.config.utils.JvmUtil - isMultiInstance:false
2021-09-19 16:07:35.728 [restartedMain] INFO  o.s.c.b.c.PropertySourceBootstrapConfiguration - Located property source: [BootstrapPropertySource {name='bootstrapProperties-nacos-config-client-dev.yml,DEFAULT_GROUP'}, BootstrapPropertySource {name='bootstrapProperties-nacos-config-client.yml,DEFAULT_GROUP'}, BootstrapPropertySource {name='bootstrapProperties-nacos-config-client,DEFAULT_GROUP'}]
2021-09-19 16:07:35.732 [restartedMain] INFO  com.wuzhangze.eduservice.EduApplication - The following profiles are active: dev
2021-09-19 16:07:37.377 [restartedMain] INFO  o.s.d.r.config.RepositoryConfigurationDelegate - Multiple Spring Data modules found, entering strict repository configuration mode!
2021-09-19 16:07:37.379 [restartedMain] INFO  o.s.d.r.config.RepositoryConfigurationDelegate - Bootstrapping Spring Data Redis repositories in DEFAULT mode.
2021-09-19 16:07:37.409 [restartedMain] INFO  o.s.d.r.config.RepositoryConfigurationDelegate - Finished Spring Data repository scanning in 17ms. Found 0 Redis repository interfaces.
2021-09-19 16:07:37.697 [restartedMain] INFO  o.springframework.cloud.context.scope.GenericScope - BeanFactory id=1626c25d-303f-3181-914e-56f593b483d5
2021-09-19 16:07:37.739 [restartedMain] INFO  o.s.c.s.PostProcessorRegistrationDelegate$BeanPostProcessorChecker - Bean 'com.wuzhangze.eduservice.client.MemberClient' of type [org.springframework.cloud.openfeign.FeignClientFactoryBean] is not eligible for getting processed by all BeanPostProcessors (for example: not eligible for auto-proxying)
2021-09-19 16:07:37.740 [restartedMain] INFO  o.s.c.s.PostProcessorRegistrationDelegate$BeanPostProcessorChecker - Bean 'com.wuzhangze.eduservice.client.OrderClient' of type [org.springframework.cloud.openfeign.FeignClientFactoryBean] is not eligible for getting processed by all BeanPostProcessors (for example: not eligible for auto-proxying)
2021-09-19 16:07:37.741 [restartedMain] INFO  o.s.c.s.PostProcessorRegistrationDelegate$BeanPostProcessorChecker - Bean 'com.wuzhangze.eduservice.client.VodClient' of type [org.springframework.cloud.openfeign.FeignClientFactoryBean] is not eligible for getting processed by all BeanPostProcessors (for example: not eligible for auto-proxying)
2021-09-19 16:07:37.977 [restartedMain] INFO  o.s.c.s.PostProcessorRegistrationDelegate$BeanPostProcessorChecker - Bean 'redisConfig' of type [com.wuzhangze.servicebase.RedisConfig$$EnhancerBySpringCGLIB$$6aefba66] is not eligible for getting processed by all BeanPostProcessors (for example: not eligible for auto-proxying)
2021-09-19 16:07:38.081 [restartedMain] INFO  o.s.c.s.PostProcessorRegistrationDelegate$BeanPostProcessorChecker - Bean 'spring.cloud.sentinel-com.alibaba.cloud.sentinel.SentinelProperties' of type [com.alibaba.cloud.sentinel.SentinelProperties] is not eligible for getting processed by all BeanPostProcessors (for example: not eligible for auto-proxying)
2021-09-19 16:07:38.132 [restartedMain] INFO  o.s.c.s.PostProcessorRegistrationDelegate$BeanPostProcessorChecker - Bean 'com.alibaba.cloud.sentinel.custom.SentinelAutoConfiguration' of type [com.alibaba.cloud.sentinel.custom.SentinelAutoConfiguration] is not eligible for getting processed by all BeanPostProcessors (for example: not eligible for auto-proxying)
2021-09-19 16:07:38.525 [restartedMain] INFO  o.s.boot.web.embedded.tomcat.TomcatWebServer - Tomcat initialized with port(s): 8001 (http)
2021-09-19 16:07:38.533 [restartedMain] INFO  org.apache.coyote.http11.Http11NioProtocol - Initializing ProtocolHandler ["http-nio-8001"]
2021-09-19 16:07:38.534 [restartedMain] INFO  org.apache.catalina.core.StandardService - Starting service [Tomcat]
2021-09-19 16:07:38.534 [restartedMain] INFO  org.apache.catalina.core.StandardEngine - Starting Servlet engine: [Apache Tomcat/9.0.37]
2021-09-19 16:07:38.629 [restartedMain] INFO  o.a.c.core.ContainerBase.[Tomcat].[localhost].[/] - Initializing Spring embedded WebApplicationContext
2021-09-19 16:07:38.630 [restartedMain] INFO  o.s.b.w.s.c.ServletWebServerApplicationContext - Root WebApplicationContext: initialization completed in 2873 ms
2021-09-19 16:07:40.165 [restartedMain] INFO  o.s.b.d.autoconfigure.OptionalLiveReloadServer - LiveReload server is running on port 35729
2021-09-19 16:07:40.512 [restartedMain] INFO  c.a.cloud.sentinel.SentinelWebAutoConfiguration - [Sentinel Starter] register SentinelWebInterceptor with urlPatterns: [/**].
2021-09-19 16:07:42.405 [restartedMain] INFO  org.springframework.cloud.commons.util.InetUtils - Cannot determine local hostname
2021-09-19 16:07:42.410 [restartedMain] INFO  com.alibaba.nacos.client.naming - initializer namespace from System Property :null
2021-09-19 16:07:42.410 [restartedMain] INFO  com.alibaba.nacos.client.naming - initializer namespace from System Environment :null
2021-09-19 16:07:42.410 [restartedMain] INFO  com.alibaba.nacos.client.naming - initializer namespace from System Property :null
2021-09-19 16:07:42.546 [restartedMain] INFO  o.s.b.actuate.endpoint.web.EndpointLinksResolver - Exposing 20 endpoint(s) beneath base path '/actuator'
2021-09-19 16:07:42.695 [restartedMain] INFO  s.d.s.w.PropertySourcedRequestMappingHandlerMapping - Mapped URL path [/v2/api-docs] onto method [springfox.documentation.swagger2.web.Swagger2Controller#getDocumentation(String, HttpServletRequest)]
2021-09-19 16:07:42.718 [restartedMain] INFO  com.netflix.config.sources.URLConfigurationSource - To enable URLs as dynamic configuration sources, define System property archaius.configurationSource.additionalUrls or make config.properties available on classpath.
2021-09-19 16:07:42.722 [restartedMain] INFO  com.netflix.config.sources.URLConfigurationSource - To enable URLs as dynamic configuration sources, define System property archaius.configurationSource.additionalUrls or make config.properties available on classpath.
2021-09-19 16:07:42.870 [restartedMain] INFO  o.s.scheduling.concurrent.ThreadPoolTaskExecutor - Initializing ExecutorService 'applicationTaskExecutor'
2021-09-19 16:07:42.984 [restartedMain] INFO  o.s.scheduling.concurrent.ThreadPoolTaskScheduler - Initializing ExecutorService 'Nacos-Watch-Task-Scheduler'
2021-09-19 16:07:45.013 [restartedMain] INFO  org.springframework.cloud.commons.util.InetUtils - Cannot determine local hostname
2021-09-19 16:07:45.244 [restartedMain] INFO  com.alibaba.nacos.client.naming - [LISTENER] adding DEFAULT_GROUP@@service-edu with DEFAULT to listener map
2021-09-19 16:07:45.247 [restartedMain] INFO  org.apache.coyote.http11.Http11NioProtocol - Starting ProtocolHandler ["http-nio-8001"]
2021-09-19 16:07:45.269 [restartedMain] INFO  o.s.boot.web.embedded.tomcat.TomcatWebServer - Tomcat started on port(s): 8001 (http) with context path ''
2021-09-19 16:07:45.273 [restartedMain] INFO  com.alibaba.nacos.client.naming - [BEAT] adding beat: BeatInfo{port=8001, ip='192.168.163.1', weight=1.0, serviceName='DEFAULT_GROUP@@service-edu', cluster='DEFAULT', metadata={preserved.register.source=SPRING_CLOUD}, scheduled=false, period=5000, stopped=false} to beat map.
2021-09-19 16:07:45.274 [restartedMain] INFO  com.alibaba.nacos.client.naming - [REGISTER-SERVICE] public registering service DEFAULT_GROUP@@service-edu with instance: Instance{instanceId='null', ip='192.168.163.1', port=8001, weight=1.0, healthy=true, enabled=true, ephemeral=true, clusterName='DEFAULT', serviceName='null', metadata={preserved.register.source=SPRING_CLOUD}}
2021-09-19 16:07:45.303 [restartedMain] INFO  c.a.cloud.nacos.registry.NacosServiceRegistry - nacos registry, DEFAULT_GROUP service-edu 192.168.163.1:8001 register finished
2021-09-19 16:07:46.293 [com.alibaba.nacos.client.naming.updater] INFO  com.alibaba.nacos.client.naming - new ips(1) service: DEFAULT_GROUP@@service-edu@@DEFAULT -> [{"instanceId":"192.168.163.1#8001#DEFAULT#DEFAULT_GROUP@@service-edu","ip":"192.168.163.1","port":8001,"weight":1.0,"healthy":true,"enabled":true,"ephemeral":true,"clusterName":"DEFAULT","serviceName":"DEFAULT_GROUP@@service-edu","metadata":{"preserved.register.source":"SPRING_CLOUD"},"ipDeleteTimeout":30000,"instanceHeartBeatInterval":5000,"instanceHeartBeatTimeOut":15000}]
2021-09-19 16:07:46.298 [com.alibaba.nacos.client.naming.updater] INFO  com.alibaba.nacos.client.naming - current ips:(1) service: DEFAULT_GROUP@@service-edu@@DEFAULT -> [{"instanceId":"192.168.163.1#8001#DEFAULT#DEFAULT_GROUP@@service-edu","ip":"192.168.163.1","port":8001,"weight":1.0,"healthy":true,"enabled":true,"ephemeral":true,"clusterName":"DEFAULT","serviceName":"DEFAULT_GROUP@@service-edu","metadata":{"preserved.register.source":"SPRING_CLOUD"},"ipDeleteTimeout":30000,"instanceHeartBeatInterval":5000,"instanceHeartBeatTimeOut":15000}]
2021-09-19 16:07:46.940 [restartedMain] INFO  org.springframework.cloud.commons.util.InetUtils - Cannot determine local hostname
2021-09-19 16:07:46.940 [restartedMain] INFO  s.d.s.web.plugins.DocumentationPluginsBootstrapper - Context refreshed
2021-09-19 16:07:46.974 [restartedMain] INFO  s.d.s.web.plugins.DocumentationPluginsBootstrapper - Found 1 custom documentation plugin(s)
2021-09-19 16:07:47.039 [restartedMain] INFO  s.d.spring.web.scanners.ApiListingReferenceScanner - Scanning for api listing references
2021-09-19 16:07:47.185 [restartedMain] INFO  s.d.s.w.r.operation.CachingOperationNameGenerator - Generating unique operation named: getCourseInfoUsingGET_1
2021-09-19 16:07:47.213 [restartedMain] INFO  s.d.s.w.r.operation.CachingOperationNameGenerator - Generating unique operation named: findAllUsingGET_1
2021-09-19 16:07:47.242 [restartedMain] INFO  s.d.s.w.r.operation.CachingOperationNameGenerator - Generating unique operation named: handleUsingGET_1
2021-09-19 16:07:47.243 [restartedMain] INFO  s.d.s.w.r.operation.CachingOperationNameGenerator - Generating unique operation named: handleUsingGET_2
2021-09-19 16:07:47.246 [restartedMain] INFO  s.d.s.w.r.operation.CachingOperationNameGenerator - Generating unique operation named: handleUsingGET_3
2021-09-19 16:07:47.246 [restartedMain] INFO  s.d.s.w.r.operation.CachingOperationNameGenerator - Generating unique operation named: handleUsingDELETE_1
2021-09-19 16:07:47.247 [restartedMain] INFO  s.d.s.w.r.operation.CachingOperationNameGenerator - Generating unique operation named: handleUsingGET_4
2021-09-19 16:07:47.250 [restartedMain] INFO  s.d.s.w.r.operation.CachingOperationNameGenerator - Generating unique operation named: handleUsingGET_5
2021-09-19 16:07:47.251 [restartedMain] INFO  s.d.s.w.r.operation.CachingOperationNameGenerator - Generating unique operation named: handleUsingGET_6
2021-09-19 16:07:47.252 [restartedMain] INFO  s.d.s.w.r.operation.CachingOperationNameGenerator - Generating unique operation named: handleUsingGET_7
2021-09-19 16:07:47.254 [restartedMain] INFO  s.d.s.w.r.operation.CachingOperationNameGenerator - Generating unique operation named: handleUsingGET_8
2021-09-19 16:07:47.256 [restartedMain] INFO  s.d.s.w.r.operation.CachingOperationNameGenerator - Generating unique operation named: handleUsingGET_9
2021-09-19 16:07:47.257 [restartedMain] INFO  s.d.s.w.r.operation.CachingOperationNameGenerator - Generating unique operation named: handleUsingGET_10
2021-09-19 16:07:47.257 [restartedMain] INFO  s.d.s.w.r.operation.CachingOperationNameGenerator - Generating unique operation named: handleUsingGET_11
2021-09-19 16:07:47.260 [restartedMain] INFO  s.d.s.w.r.operation.CachingOperationNameGenerator - Generating unique operation named: handleUsingGET_12
2021-09-19 16:07:47.261 [restartedMain] INFO  s.d.s.w.r.operation.CachingOperationNameGenerator - Generating unique operation named: handleUsingGET_13
2021-09-19 16:07:47.263 [restartedMain] INFO  s.d.s.w.r.operation.CachingOperationNameGenerator - Generating unique operation named: handleUsingGET_14
2021-09-19 16:07:47.264 [restartedMain] INFO  s.d.s.w.r.operation.CachingOperationNameGenerator - Generating unique operation named: handleUsingGET_15
2021-09-19 16:07:47.265 [restartedMain] INFO  s.d.s.w.r.operation.CachingOperationNameGenerator - Generating unique operation named: handleUsingGET_16
2021-09-19 16:07:47.267 [restartedMain] INFO  s.d.s.w.r.operation.CachingOperationNameGenerator - Generating unique operation named: handleUsingGET_17
2021-09-19 16:07:47.268 [restartedMain] INFO  s.d.s.w.r.operation.CachingOperationNameGenerator - Generating unique operation named: handleUsingGET_18
2021-09-19 16:07:47.270 [restartedMain] INFO  s.d.s.w.r.operation.CachingOperationNameGenerator - Generating unique operation named: handleUsingGET_19
2021-09-19 16:07:47.271 [restartedMain] INFO  s.d.s.w.r.operation.CachingOperationNameGenerator - Generating unique operation named: handleUsingPOST_1
2021-09-19 16:07:47.272 [restartedMain] INFO  s.d.s.w.r.operation.CachingOperationNameGenerator - Generating unique operation named: handleUsingGET_20
2021-09-19 16:07:47.273 [restartedMain] INFO  s.d.s.w.r.operation.CachingOperationNameGenerator - Generating unique operation named: handleUsingGET_21
2021-09-19 16:07:47.275 [restartedMain] INFO  s.d.s.w.r.operation.CachingOperationNameGenerator - Generating unique operation named: handleUsingGET_22
2021-09-19 16:07:47.276 [restartedMain] INFO  s.d.s.w.r.operation.CachingOperationNameGenerator - Generating unique operation named: handleUsingPOST_2
2021-09-19 16:07:47.277 [restartedMain] INFO  s.d.s.w.r.operation.CachingOperationNameGenerator - Generating unique operation named: handleUsingGET_23
2021-09-19 16:07:47.279 [restartedMain] INFO  s.d.s.w.r.operation.CachingOperationNameGenerator - Generating unique operation named: findAllUsingGET_2
2021-09-19 16:07:47.282 [restartedMain] INFO  s.d.s.w.r.operation.CachingOperationNameGenerator - Generating unique operation named: pageListTeacherUsingGET_1
2021-09-19 16:07:47.333 [restartedMain] INFO  com.wuzhangze.eduservice.EduApplication - Started EduApplication in 16.148 seconds (JVM running for 17.327)
2021-09-19 16:07:47.340 [restartedMain] INFO  com.alibaba.nacos.client.config.impl.ClientWorker - [fixed-120.25.72.212_8848] [subscribe] nacos-config-client-dev.yml+DEFAULT_GROUP
2021-09-19 16:07:47.340 [restartedMain] INFO  com.alibaba.nacos.client.config.impl.CacheData - [fixed-120.25.72.212_8848] [add-listener] ok, tenant=, dataId=nacos-config-client-dev.yml, group=DEFAULT_GROUP, cnt=1
2021-09-19 16:07:47.341 [restartedMain] INFO  com.alibaba.nacos.client.config.impl.ClientWorker - [fixed-120.25.72.212_8848] [subscribe] nacos-config-client.yml+DEFAULT_GROUP
2021-09-19 16:07:47.341 [restartedMain] INFO  com.alibaba.nacos.client.config.impl.CacheData - [fixed-120.25.72.212_8848] [add-listener] ok, tenant=, dataId=nacos-config-client.yml, group=DEFAULT_GROUP, cnt=1
2021-09-19 16:07:47.341 [restartedMain] INFO  com.alibaba.nacos.client.config.impl.ClientWorker - [fixed-120.25.72.212_8848] [subscribe] nacos-config-client+DEFAULT_GROUP
2021-09-19 16:07:47.341 [restartedMain] INFO  com.alibaba.nacos.client.config.impl.CacheData - [fixed-120.25.72.212_8848] [add-listener] ok, tenant=, dataId=nacos-config-client, group=DEFAULT_GROUP, cnt=1
2021-09-19 16:07:48.024 [RMI TCP Connection(5)-169.254.77.176] INFO  o.a.c.core.ContainerBase.[Tomcat].[localhost].[/] - Initializing Spring DispatcherServlet 'dispatcherServlet'
2021-09-19 16:07:48.024 [RMI TCP Connection(5)-169.254.77.176] INFO  org.springframework.web.servlet.DispatcherServlet - Initializing Servlet 'dispatcherServlet'
2021-09-19 16:07:48.033 [RMI TCP Connection(5)-169.254.77.176] INFO  org.springframework.web.servlet.DispatcherServlet - Completed initialization in 9 ms
2021-09-19 16:07:48.110 [RMI TCP Connection(6)-169.254.77.176] INFO  com.zaxxer.hikari.HikariDataSource - HikariPool-1 - Starting...
2021-09-19 16:07:48.645 [RMI TCP Connection(6)-169.254.77.176] INFO  com.zaxxer.hikari.HikariDataSource - HikariPool-1 - Start completed.
2021-09-19 16:09:48.609 [SpringContextShutdownHook] INFO  o.s.scheduling.concurrent.ThreadPoolTaskScheduler - Shutting down ExecutorService 'Nacos-Watch-Task-Scheduler'
2021-09-19 16:09:48.610 [SpringContextShutdownHook] INFO  com.alibaba.nacos.client.naming - [LISTENER] removing DEFAULT_GROUP@@service-edu with DEFAULT from listener map
2021-09-19 16:09:48.613 [SpringContextShutdownHook] INFO  c.a.cloud.nacos.registry.NacosServiceRegistry - De-registering from Nacos Server now...
2021-09-19 16:09:48.613 [SpringContextShutdownHook] INFO  com.alibaba.nacos.client.naming - [BEAT] removing beat: DEFAULT_GROUP@@service-edu:192.168.163.1:8001 from beat map.
2021-09-19 16:09:48.614 [SpringContextShutdownHook] INFO  com.alibaba.nacos.client.naming - [DEREGISTER-SERVICE] public deregistering service DEFAULT_GROUP@@service-edu with instance: Instance{instanceId='null', ip='192.168.163.1', port=8001, weight=1.0, healthy=true, enabled=true, ephemeral=true, clusterName='DEFAULT', serviceName='null', metadata={}}
2021-09-19 16:09:48.638 [SpringContextShutdownHook] INFO  c.a.cloud.nacos.registry.NacosServiceRegistry - De-registration finished.
2021-09-19 16:09:48.638 [SpringContextShutdownHook] INFO  com.alibaba.nacos.client.naming - com.alibaba.nacos.client.naming.beat.BeatReactor do shutdown begin
2021-09-19 16:09:51.076 [SpringContextShutdownHook] INFO  com.alibaba.nacos.client.naming - com.alibaba.nacos.client.naming.beat.BeatReactor do shutdown stop
2021-09-19 16:09:51.076 [SpringContextShutdownHook] INFO  com.alibaba.nacos.client.naming - com.alibaba.nacos.client.naming.core.EventDispatcher do shutdown begin
2021-09-19 16:09:54.106 [SpringContextShutdownHook] INFO  com.alibaba.nacos.client.naming - com.alibaba.nacos.client.naming.core.EventDispatcher do shutdown stop
2021-09-19 16:09:54.106 [SpringContextShutdownHook] INFO  com.alibaba.nacos.client.naming - com.alibaba.nacos.client.naming.core.HostReactor do shutdown begin
2021-09-19 16:09:56.739 [com.alibaba.nacos.client.naming.updater] INFO  com.alibaba.nacos.client.naming - removed ips(1) service: DEFAULT_GROUP@@service-edu@@DEFAULT -> [{"instanceId":"192.168.163.1#8001#DEFAULT#DEFAULT_GROUP@@service-edu","ip":"192.168.163.1","port":8001,"weight":1.0,"healthy":true,"enabled":true,"ephemeral":true,"clusterName":"DEFAULT","serviceName":"DEFAULT_GROUP@@service-edu","metadata":{"preserved.register.source":"SPRING_CLOUD"},"ipDeleteTimeout":30000,"instanceHeartBeatInterval":5000,"instanceHeartBeatTimeOut":15000}]
2021-09-19 16:09:56.740 [com.alibaba.nacos.client.naming.updater] INFO  com.alibaba.nacos.client.naming - current ips:(0) service: DEFAULT_GROUP@@service-edu@@DEFAULT -> []
2021-09-19 16:09:56.742 [SpringContextShutdownHook] INFO  com.alibaba.nacos.client.naming - com.alibaba.nacos.client.naming.core.PushReceiver do shutdown begin
2021-09-19 16:09:59.761 [SpringContextShutdownHook] INFO  com.alibaba.nacos.client.naming - com.alibaba.nacos.client.naming.core.PushReceiver do shutdown stop
2021-09-19 16:09:59.761 [SpringContextShutdownHook] INFO  com.alibaba.nacos.client.naming - com.alibaba.nacos.client.naming.backups.FailoverReactor do shutdown begin
2021-09-19 16:09:59.762 [SpringContextShutdownHook] INFO  com.alibaba.nacos.client.naming - com.alibaba.nacos.client.naming.backups.FailoverReactor do shutdown stop
2021-09-19 16:09:59.762 [SpringContextShutdownHook] INFO  com.alibaba.nacos.client.naming - com.alibaba.nacos.client.naming.core.HostReactor do shutdown stop
2021-09-19 16:09:59.762 [SpringContextShutdownHook] INFO  com.alibaba.nacos.client.naming - com.alibaba.nacos.client.naming.net.NamingProxy do shutdown begin
2021-09-19 16:09:59.763 [SpringContextShutdownHook] INFO  com.alibaba.nacos.client.naming - com.alibaba.nacos.client.naming.net.NamingProxy do shutdown stop
2021-09-19 16:09:59.766 [SpringContextShutdownHook] INFO  o.s.scheduling.concurrent.ThreadPoolTaskExecutor - Shutting down ExecutorService 'applicationTaskExecutor'
2021-09-19 16:09:59.895 [SpringContextShutdownHook] INFO  com.zaxxer.hikari.HikariDataSource - HikariPool-1 - Shutdown initiated...
2021-09-19 16:09:59.904 [SpringContextShutdownHook] INFO  com.zaxxer.hikari.HikariDataSource - HikariPool-1 - Shutdown completed.
2021-09-19 16:28:15.120 [restartedMain] INFO  o.s.b.d.env.DevToolsPropertyDefaultsPostProcessor - Devtools property defaults active! Set 'spring.devtools.add-properties' to 'false' to disable
2021-09-19 16:28:17.016 [restartedMain] INFO  c.a.n.client.config.impl.LocalConfigInfoProcessor - LOCAL_SNAPSHOT_PATH:C:\Users\86182\nacos\config
2021-09-19 16:28:17.047 [restartedMain] INFO  com.alibaba.nacos.client.config.impl.Limiter - limitTime:5.0
2021-09-19 16:28:17.179 [restartedMain] INFO  com.alibaba.nacos.client.config.utils.JvmUtil - isMultiInstance:false
2021-09-19 16:28:17.187 [restartedMain] INFO  o.s.c.b.c.PropertySourceBootstrapConfiguration - Located property source: [BootstrapPropertySource {name='bootstrapProperties-nacos-config-client-dev.yml,DEFAULT_GROUP'}, BootstrapPropertySource {name='bootstrapProperties-nacos-config-client.yml,DEFAULT_GROUP'}, BootstrapPropertySource {name='bootstrapProperties-nacos-config-client,DEFAULT_GROUP'}]
2021-09-19 16:28:17.191 [restartedMain] INFO  com.wuzhangze.eduservice.EduApplication - The following profiles are active: dev
2021-09-19 16:28:18.271 [restartedMain] INFO  o.s.d.r.config.RepositoryConfigurationDelegate - Multiple Spring Data modules found, entering strict repository configuration mode!
2021-09-19 16:28:18.273 [restartedMain] INFO  o.s.d.r.config.RepositoryConfigurationDelegate - Bootstrapping Spring Data Redis repositories in DEFAULT mode.
2021-09-19 16:28:18.297 [restartedMain] INFO  o.s.d.r.config.RepositoryConfigurationDelegate - Finished Spring Data repository scanning in 14ms. Found 0 Redis repository interfaces.
2021-09-19 16:28:18.521 [restartedMain] INFO  o.springframework.cloud.context.scope.GenericScope - BeanFactory id=1626c25d-303f-3181-914e-56f593b483d5
2021-09-19 16:28:18.561 [restartedMain] INFO  o.s.c.s.PostProcessorRegistrationDelegate$BeanPostProcessorChecker - Bean 'com.wuzhangze.eduservice.client.MemberClient' of type [org.springframework.cloud.openfeign.FeignClientFactoryBean] is not eligible for getting processed by all BeanPostProcessors (for example: not eligible for auto-proxying)
2021-09-19 16:28:18.562 [restartedMain] INFO  o.s.c.s.PostProcessorRegistrationDelegate$BeanPostProcessorChecker - Bean 'com.wuzhangze.eduservice.client.OrderClient' of type [org.springframework.cloud.openfeign.FeignClientFactoryBean] is not eligible for getting processed by all BeanPostProcessors (for example: not eligible for auto-proxying)
2021-09-19 16:28:18.562 [restartedMain] INFO  o.s.c.s.PostProcessorRegistrationDelegate$BeanPostProcessorChecker - Bean 'com.wuzhangze.eduservice.client.VodClient' of type [org.springframework.cloud.openfeign.FeignClientFactoryBean] is not eligible for getting processed by all BeanPostProcessors (for example: not eligible for auto-proxying)
2021-09-19 16:28:18.790 [restartedMain] INFO  o.s.c.s.PostProcessorRegistrationDelegate$BeanPostProcessorChecker - Bean 'redisConfig' of type [com.wuzhangze.servicebase.RedisConfig$$EnhancerBySpringCGLIB$$7f0a80f3] is not eligible for getting processed by all BeanPostProcessors (for example: not eligible for auto-proxying)
2021-09-19 16:28:18.891 [restartedMain] INFO  o.s.c.s.PostProcessorRegistrationDelegate$BeanPostProcessorChecker - Bean 'spring.cloud.sentinel-com.alibaba.cloud.sentinel.SentinelProperties' of type [com.alibaba.cloud.sentinel.SentinelProperties] is not eligible for getting processed by all BeanPostProcessors (for example: not eligible for auto-proxying)
2021-09-19 16:28:18.943 [restartedMain] INFO  o.s.c.s.PostProcessorRegistrationDelegate$BeanPostProcessorChecker - Bean 'com.alibaba.cloud.sentinel.custom.SentinelAutoConfiguration' of type [com.alibaba.cloud.sentinel.custom.SentinelAutoConfiguration] is not eligible for getting processed by all BeanPostProcessors (for example: not eligible for auto-proxying)
2021-09-19 16:28:19.347 [restartedMain] INFO  o.s.boot.web.embedded.tomcat.TomcatWebServer - Tomcat initialized with port(s): 8001 (http)
2021-09-19 16:28:19.355 [restartedMain] INFO  org.apache.coyote.http11.Http11NioProtocol - Initializing ProtocolHandler ["http-nio-8001"]
2021-09-19 16:28:19.356 [restartedMain] INFO  org.apache.catalina.core.StandardService - Starting service [Tomcat]
2021-09-19 16:28:19.356 [restartedMain] INFO  org.apache.catalina.core.StandardEngine - Starting Servlet engine: [Apache Tomcat/9.0.37]
2021-09-19 16:28:19.466 [restartedMain] INFO  o.a.c.core.ContainerBase.[Tomcat].[localhost].[/] - Initializing Spring embedded WebApplicationContext
2021-09-19 16:28:19.467 [restartedMain] INFO  o.s.b.w.s.c.ServletWebServerApplicationContext - Root WebApplicationContext: initialization completed in 2256 ms
2021-09-19 16:28:21.264 [restartedMain] INFO  c.a.cloud.sentinel.SentinelWebAutoConfiguration - [Sentinel Starter] register SentinelWebInterceptor with urlPatterns: [/**].
2021-09-19 16:28:23.139 [restartedMain] INFO  org.springframework.cloud.commons.util.InetUtils - Cannot determine local hostname
2021-09-19 16:28:23.143 [restartedMain] INFO  com.alibaba.nacos.client.naming - initializer namespace from System Property :null
2021-09-19 16:28:23.143 [restartedMain] INFO  com.alibaba.nacos.client.naming - initializer namespace from System Environment :null
2021-09-19 16:28:23.144 [restartedMain] INFO  com.alibaba.nacos.client.naming - initializer namespace from System Property :null
2021-09-19 16:28:23.270 [restartedMain] INFO  o.s.b.actuate.endpoint.web.EndpointLinksResolver - Exposing 20 endpoint(s) beneath base path '/actuator'
2021-09-19 16:28:23.398 [restartedMain] INFO  s.d.s.w.PropertySourcedRequestMappingHandlerMapping - Mapped URL path [/v2/api-docs] onto method [springfox.documentation.swagger2.web.Swagger2Controller#getDocumentation(String, HttpServletRequest)]
2021-09-19 16:28:23.419 [restartedMain] INFO  com.netflix.config.sources.URLConfigurationSource - To enable URLs as dynamic configuration sources, define System property archaius.configurationSource.additionalUrls or make config.properties available on classpath.
2021-09-19 16:28:23.423 [restartedMain] INFO  com.netflix.config.sources.URLConfigurationSource - To enable URLs as dynamic configuration sources, define System property archaius.configurationSource.additionalUrls or make config.properties available on classpath.
2021-09-19 16:28:23.546 [restartedMain] INFO  o.s.scheduling.concurrent.ThreadPoolTaskExecutor - Initializing ExecutorService 'applicationTaskExecutor'
2021-09-19 16:28:23.651 [restartedMain] INFO  o.s.scheduling.concurrent.ThreadPoolTaskScheduler - Initializing ExecutorService 'Nacos-Watch-Task-Scheduler'
2021-09-19 16:28:25.635 [restartedMain] INFO  org.springframework.cloud.commons.util.InetUtils - Cannot determine local hostname
2021-09-19 16:28:25.847 [restartedMain] INFO  com.alibaba.nacos.client.naming - [LISTENER] adding DEFAULT_GROUP@@service-edu with DEFAULT to listener map
2021-09-19 16:28:25.850 [restartedMain] INFO  org.apache.coyote.http11.Http11NioProtocol - Starting ProtocolHandler ["http-nio-8001"]
2021-09-19 16:28:25.870 [restartedMain] INFO  o.s.boot.web.embedded.tomcat.TomcatWebServer - Tomcat started on port(s): 8001 (http) with context path ''
2021-09-19 16:28:25.874 [restartedMain] INFO  com.alibaba.nacos.client.naming - [BEAT] adding beat: BeatInfo{port=8001, ip='192.168.163.1', weight=1.0, serviceName='DEFAULT_GROUP@@service-edu', cluster='DEFAULT', metadata={preserved.register.source=SPRING_CLOUD}, scheduled=false, period=5000, stopped=false} to beat map.
2021-09-19 16:28:25.875 [restartedMain] INFO  com.alibaba.nacos.client.naming - [REGISTER-SERVICE] public registering service DEFAULT_GROUP@@service-edu with instance: Instance{instanceId='null', ip='192.168.163.1', port=8001, weight=1.0, healthy=true, enabled=true, ephemeral=true, clusterName='DEFAULT', serviceName='null', metadata={preserved.register.source=SPRING_CLOUD}}
2021-09-19 16:28:25.905 [restartedMain] INFO  c.a.cloud.nacos.registry.NacosServiceRegistry - nacos registry, DEFAULT_GROUP service-edu 192.168.163.1:8001 register finished
2021-09-19 16:28:26.900 [com.alibaba.nacos.client.naming.updater] INFO  com.alibaba.nacos.client.naming - new ips(1) service: DEFAULT_GROUP@@service-edu@@DEFAULT -> [{"instanceId":"192.168.163.1#8001#DEFAULT#DEFAULT_GROUP@@service-edu","ip":"192.168.163.1","port":8001,"weight":1.0,"healthy":true,"enabled":true,"ephemeral":true,"clusterName":"DEFAULT","serviceName":"DEFAULT_GROUP@@service-edu","metadata":{"preserved.register.source":"SPRING_CLOUD"},"ipDeleteTimeout":30000,"instanceHeartBeatInterval":5000,"instanceHeartBeatTimeOut":15000}]
2021-09-19 16:28:26.905 [com.alibaba.nacos.client.naming.updater] INFO  com.alibaba.nacos.client.naming - current ips:(1) service: DEFAULT_GROUP@@service-edu@@DEFAULT -> [{"instanceId":"192.168.163.1#8001#DEFAULT#DEFAULT_GROUP@@service-edu","ip":"192.168.163.1","port":8001,"weight":1.0,"healthy":true,"enabled":true,"ephemeral":true,"clusterName":"DEFAULT","serviceName":"DEFAULT_GROUP@@service-edu","metadata":{"preserved.register.source":"SPRING_CLOUD"},"ipDeleteTimeout":30000,"instanceHeartBeatInterval":5000,"instanceHeartBeatTimeOut":15000}]
2021-09-19 16:28:27.528 [restartedMain] INFO  org.springframework.cloud.commons.util.InetUtils - Cannot determine local hostname
2021-09-19 16:28:27.529 [restartedMain] INFO  s.d.s.web.plugins.DocumentationPluginsBootstrapper - Context refreshed
2021-09-19 16:28:27.543 [restartedMain] INFO  s.d.s.web.plugins.DocumentationPluginsBootstrapper - Found 1 custom documentation plugin(s)
2021-09-19 16:28:27.583 [restartedMain] INFO  s.d.spring.web.scanners.ApiListingReferenceScanner - Scanning for api listing references
2021-09-19 16:28:27.718 [restartedMain] INFO  s.d.s.w.r.operation.CachingOperationNameGenerator - Generating unique operation named: getCourseInfoUsingGET_1
2021-09-19 16:28:27.745 [restartedMain] INFO  s.d.s.w.r.operation.CachingOperationNameGenerator - Generating unique operation named: findAllUsingGET_1
2021-09-19 16:28:27.772 [restartedMain] INFO  s.d.s.w.r.operation.CachingOperationNameGenerator - Generating unique operation named: handleUsingGET_1
2021-09-19 16:28:27.773 [restartedMain] INFO  s.d.s.w.r.operation.CachingOperationNameGenerator - Generating unique operation named: handleUsingGET_2
2021-09-19 16:28:27.776 [restartedMain] INFO  s.d.s.w.r.operation.CachingOperationNameGenerator - Generating unique operation named: handleUsingGET_3
2021-09-19 16:28:27.777 [restartedMain] INFO  s.d.s.w.r.operation.CachingOperationNameGenerator - Generating unique operation named: handleUsingDELETE_1
2021-09-19 16:28:27.778 [restartedMain] INFO  s.d.s.w.r.operation.CachingOperationNameGenerator - Generating unique operation named: handleUsingGET_4
2021-09-19 16:28:27.780 [restartedMain] INFO  s.d.s.w.r.operation.CachingOperationNameGenerator - Generating unique operation named: handleUsingGET_5
2021-09-19 16:28:27.781 [restartedMain] INFO  s.d.s.w.r.operation.CachingOperationNameGenerator - Generating unique operation named: handleUsingGET_6
2021-09-19 16:28:27.782 [restartedMain] INFO  s.d.s.w.r.operation.CachingOperationNameGenerator - Generating unique operation named: handleUsingGET_7
2021-09-19 16:28:27.784 [restartedMain] INFO  s.d.s.w.r.operation.CachingOperationNameGenerator - Generating unique operation named: handleUsingGET_8
2021-09-19 16:28:27.785 [restartedMain] INFO  s.d.s.w.r.operation.CachingOperationNameGenerator - Generating unique operation named: handleUsingGET_9
2021-09-19 16:28:27.786 [restartedMain] INFO  s.d.s.w.r.operation.CachingOperationNameGenerator - Generating unique operation named: handleUsingGET_10
2021-09-19 16:28:27.788 [restartedMain] INFO  s.d.s.w.r.operation.CachingOperationNameGenerator - Generating unique operation named: handleUsingGET_11
2021-09-19 16:28:27.789 [restartedMain] INFO  s.d.s.w.r.operation.CachingOperationNameGenerator - Generating unique operation named: handleUsingGET_12
2021-09-19 16:28:27.791 [restartedMain] INFO  s.d.s.w.r.operation.CachingOperationNameGenerator - Generating unique operation named: handleUsingGET_13
2021-09-19 16:28:27.792 [restartedMain] INFO  s.d.s.w.r.operation.CachingOperationNameGenerator - Generating unique operation named: handleUsingGET_14
2021-09-19 16:28:27.794 [restartedMain] INFO  s.d.s.w.r.operation.CachingOperationNameGenerator - Generating unique operation named: handleUsingGET_15
2021-09-19 16:28:27.796 [restartedMain] INFO  s.d.s.w.r.operation.CachingOperationNameGenerator - Generating unique operation named: handleUsingGET_16
2021-09-19 16:28:27.798 [restartedMain] INFO  s.d.s.w.r.operation.CachingOperationNameGenerator - Generating unique operation named: handleUsingGET_17
2021-09-19 16:28:27.799 [restartedMain] INFO  s.d.s.w.r.operation.CachingOperationNameGenerator - Generating unique operation named: handleUsingGET_18
2021-09-19 16:28:27.800 [restartedMain] INFO  s.d.s.w.r.operation.CachingOperationNameGenerator - Generating unique operation named: handleUsingGET_19
2021-09-19 16:28:27.802 [restartedMain] INFO  s.d.s.w.r.operation.CachingOperationNameGenerator - Generating unique operation named: handleUsingPOST_1
2021-09-19 16:28:27.803 [restartedMain] INFO  s.d.s.w.r.operation.CachingOperationNameGenerator - Generating unique operation named: handleUsingGET_20
2021-09-19 16:28:27.804 [restartedMain] INFO  s.d.s.w.r.operation.CachingOperationNameGenerator - Generating unique operation named: handleUsingGET_21
2021-09-19 16:28:27.805 [restartedMain] INFO  s.d.s.w.r.operation.CachingOperationNameGenerator - Generating unique operation named: handleUsingGET_22
2021-09-19 16:28:27.806 [restartedMain] INFO  s.d.s.w.r.operation.CachingOperationNameGenerator - Generating unique operation named: handleUsingPOST_2
2021-09-19 16:28:27.808 [restartedMain] INFO  s.d.s.w.r.operation.CachingOperationNameGenerator - Generating unique operation named: handleUsingGET_23
2021-09-19 16:28:27.810 [restartedMain] INFO  s.d.s.w.r.operation.CachingOperationNameGenerator - Generating unique operation named: findAllUsingGET_2
2021-09-19 16:28:27.815 [restartedMain] INFO  s.d.s.w.r.operation.CachingOperationNameGenerator - Generating unique operation named: pageListTeacherUsingGET_1
2021-09-19 16:28:27.844 [restartedMain] INFO  com.wuzhangze.eduservice.EduApplication - Started EduApplication in 14.966 seconds (JVM running for 16.176)
2021-09-19 16:28:27.851 [restartedMain] INFO  com.alibaba.nacos.client.config.impl.ClientWorker - [fixed-120.25.72.212_8848] [subscribe] nacos-config-client-dev.yml+DEFAULT_GROUP
2021-09-19 16:28:27.852 [restartedMain] INFO  com.alibaba.nacos.client.config.impl.CacheData - [fixed-120.25.72.212_8848] [add-listener] ok, tenant=, dataId=nacos-config-client-dev.yml, group=DEFAULT_GROUP, cnt=1
2021-09-19 16:28:27.852 [restartedMain] INFO  com.alibaba.nacos.client.config.impl.ClientWorker - [fixed-120.25.72.212_8848] [subscribe] nacos-config-client.yml+DEFAULT_GROUP
2021-09-19 16:28:27.852 [restartedMain] INFO  com.alibaba.nacos.client.config.impl.CacheData - [fixed-120.25.72.212_8848] [add-listener] ok, tenant=, dataId=nacos-config-client.yml, group=DEFAULT_GROUP, cnt=1
2021-09-19 16:28:27.852 [restartedMain] INFO  com.alibaba.nacos.client.config.impl.ClientWorker - [fixed-120.25.72.212_8848] [subscribe] nacos-config-client+DEFAULT_GROUP
2021-09-19 16:28:27.852 [restartedMain] INFO  com.alibaba.nacos.client.config.impl.CacheData - [fixed-120.25.72.212_8848] [add-listener] ok, tenant=, dataId=nacos-config-client, group=DEFAULT_GROUP, cnt=1
2021-09-19 16:28:28.465 [RMI TCP Connection(4)-169.254.77.176] INFO  o.a.c.core.ContainerBase.[Tomcat].[localhost].[/] - Initializing Spring DispatcherServlet 'dispatcherServlet'
2021-09-19 16:28:28.465 [RMI TCP Connection(4)-169.254.77.176] INFO  org.springframework.web.servlet.DispatcherServlet - Initializing Servlet 'dispatcherServlet'
2021-09-19 16:28:28.474 [RMI TCP Connection(4)-169.254.77.176] INFO  org.springframework.web.servlet.DispatcherServlet - Completed initialization in 9 ms
2021-09-19 16:28:28.546 [RMI TCP Connection(3)-169.254.77.176] INFO  com.zaxxer.hikari.HikariDataSource - HikariPool-1 - Starting...
2021-09-19 16:28:29.126 [RMI TCP Connection(3)-169.254.77.176] INFO  com.zaxxer.hikari.HikariDataSource - HikariPool-1 - Start completed.
2021-09-19 16:31:33.508 [Thread-2] INFO  o.s.scheduling.concurrent.ThreadPoolTaskScheduler - Shutting down ExecutorService 'Nacos-Watch-Task-Scheduler'
2021-09-19 16:31:33.509 [Thread-2] INFO  com.alibaba.nacos.client.naming - [LISTENER] removing DEFAULT_GROUP@@service-edu with DEFAULT from listener map
2021-09-19 16:31:33.513 [Thread-2] INFO  c.a.cloud.nacos.registry.NacosServiceRegistry - De-registering from Nacos Server now...
2021-09-19 16:31:33.513 [Thread-2] INFO  com.alibaba.nacos.client.naming - [BEAT] removing beat: DEFAULT_GROUP@@service-edu:192.168.163.1:8001 from beat map.
2021-09-19 16:31:33.513 [Thread-2] INFO  com.alibaba.nacos.client.naming - [DEREGISTER-SERVICE] public deregistering service DEFAULT_GROUP@@service-edu with instance: Instance{instanceId='null', ip='192.168.163.1', port=8001, weight=1.0, healthy=true, enabled=true, ephemeral=true, clusterName='DEFAULT', serviceName='null', metadata={}}
2021-09-19 16:31:33.538 [Thread-2] INFO  c.a.cloud.nacos.registry.NacosServiceRegistry - De-registration finished.
2021-09-19 16:31:33.539 [Thread-2] INFO  com.alibaba.nacos.client.naming - com.alibaba.nacos.client.naming.beat.BeatReactor do shutdown begin
2021-09-19 16:31:36.541 [Thread-2] INFO  com.alibaba.nacos.client.naming - com.alibaba.nacos.client.naming.beat.BeatReactor do shutdown stop
2021-09-19 16:31:36.542 [Thread-2] INFO  com.alibaba.nacos.client.naming - com.alibaba.nacos.client.naming.core.EventDispatcher do shutdown begin
2021-09-19 16:31:37.446 [com.alibaba.nacos.client.naming.updater] INFO  com.alibaba.nacos.client.naming - removed ips(1) service: DEFAULT_GROUP@@service-edu@@DEFAULT -> [{"instanceId":"192.168.163.1#8001#DEFAULT#DEFAULT_GROUP@@service-edu","ip":"192.168.163.1","port":8001,"weight":1.0,"healthy":true,"enabled":true,"ephemeral":true,"clusterName":"DEFAULT","serviceName":"DEFAULT_GROUP@@service-edu","metadata":{"preserved.register.source":"SPRING_CLOUD"},"ipDeleteTimeout":30000,"instanceHeartBeatInterval":5000,"instanceHeartBeatTimeOut":15000}]
2021-09-19 16:31:37.447 [com.alibaba.nacos.client.naming.updater] INFO  com.alibaba.nacos.client.naming - current ips:(0) service: DEFAULT_GROUP@@service-edu@@DEFAULT -> []
2021-09-19 16:31:39.544 [Thread-2] INFO  com.alibaba.nacos.client.naming - com.alibaba.nacos.client.naming.core.EventDispatcher do shutdown stop
2021-09-19 16:31:39.544 [Thread-2] INFO  com.alibaba.nacos.client.naming - com.alibaba.nacos.client.naming.core.HostReactor do shutdown begin
2021-09-19 16:31:42.548 [Thread-2] INFO  com.alibaba.nacos.client.naming - com.alibaba.nacos.client.naming.core.PushReceiver do shutdown begin
2021-09-19 16:31:45.550 [Thread-2] INFO  com.alibaba.nacos.client.naming - com.alibaba.nacos.client.naming.core.PushReceiver do shutdown stop
2021-09-19 16:31:45.550 [Thread-2] INFO  com.alibaba.nacos.client.naming - com.alibaba.nacos.client.naming.backups.FailoverReactor do shutdown begin
2021-09-19 16:31:45.550 [Thread-2] INFO  com.alibaba.nacos.client.naming - com.alibaba.nacos.client.naming.backups.FailoverReactor do shutdown stop
2021-09-19 16:31:45.550 [Thread-2] INFO  com.alibaba.nacos.client.naming - com.alibaba.nacos.client.naming.core.HostReactor do shutdown stop
2021-09-19 16:31:45.550 [Thread-2] INFO  com.alibaba.nacos.client.naming - com.alibaba.nacos.client.naming.net.NamingProxy do shutdown begin
2021-09-19 16:31:45.551 [Thread-2] INFO  com.alibaba.nacos.client.naming - com.alibaba.nacos.client.naming.net.NamingProxy do shutdown stop
2021-09-19 16:31:45.552 [Thread-2] INFO  o.s.scheduling.concurrent.ThreadPoolTaskExecutor - Shutting down ExecutorService 'applicationTaskExecutor'
2021-09-19 16:31:45.774 [Thread-2] INFO  com.zaxxer.hikari.HikariDataSource - HikariPool-1 - Shutdown initiated...
2021-09-19 16:31:45.783 [Thread-2] INFO  com.zaxxer.hikari.HikariDataSource - HikariPool-1 - Shutdown completed.
2021-09-19 16:31:49.395 [restartedMain] INFO  o.s.c.b.c.PropertySourceBootstrapConfiguration - Located property source: [BootstrapPropertySource {name='bootstrapProperties-nacos-config-client-dev.yml,DEFAULT_GROUP'}, BootstrapPropertySource {name='bootstrapProperties-nacos-config-client.yml,DEFAULT_GROUP'}, BootstrapPropertySource {name='bootstrapProperties-nacos-config-client,DEFAULT_GROUP'}]
2021-09-19 16:31:49.396 [restartedMain] INFO  com.wuzhangze.eduservice.EduApplication - The following profiles are active: dev
2021-09-19 16:31:49.791 [restartedMain] INFO  o.s.b.a.l.ConditionEvaluationReportLoggingListener - 

Error starting ApplicationContext. To display the conditions report re-run your application with 'debug' enabled.
2021-09-19 16:32:53.194 [restartedMain] INFO  o.s.c.b.c.PropertySourceBootstrapConfiguration - Located property source: [BootstrapPropertySource {name='bootstrapProperties-nacos-config-client-dev.yml,DEFAULT_GROUP'}, BootstrapPropertySource {name='bootstrapProperties-nacos-config-client.yml,DEFAULT_GROUP'}, BootstrapPropertySource {name='bootstrapProperties-nacos-config-client,DEFAULT_GROUP'}]
2021-09-19 16:32:53.195 [restartedMain] INFO  com.wuzhangze.eduservice.EduApplication - The following profiles are active: dev
2021-09-19 16:32:53.593 [restartedMain] INFO  o.s.b.a.l.ConditionEvaluationReportLoggingListener - 

Error starting ApplicationContext. To display the conditions report re-run your application with 'debug' enabled.
2021-09-19 16:44:37.982 [restartedMain] INFO  o.s.c.b.c.PropertySourceBootstrapConfiguration - Located property source: [BootstrapPropertySource {name='bootstrapProperties-nacos-config-client-dev.yml,DEFAULT_GROUP'}, BootstrapPropertySource {name='bootstrapProperties-nacos-config-client.yml,DEFAULT_GROUP'}, BootstrapPropertySource {name='bootstrapProperties-nacos-config-client,DEFAULT_GROUP'}]
2021-09-19 16:44:37.985 [restartedMain] INFO  com.wuzhangze.eduservice.EduApplication - The following profiles are active: dev
2021-09-19 16:44:38.385 [restartedMain] INFO  o.s.b.a.l.ConditionEvaluationReportLoggingListener - 

Error starting ApplicationContext. To display the conditions report re-run your application with 'debug' enabled.
2021-09-19 16:45:06.447 [restartedMain] INFO  o.s.c.b.c.PropertySourceBootstrapConfiguration - Located property source: [BootstrapPropertySource {name='bootstrapProperties-nacos-config-client-dev.yml,DEFAULT_GROUP'}, BootstrapPropertySource {name='bootstrapProperties-nacos-config-client.yml,DEFAULT_GROUP'}, BootstrapPropertySource {name='bootstrapProperties-nacos-config-client,DEFAULT_GROUP'}]
2021-09-19 16:45:06.458 [restartedMain] INFO  com.wuzhangze.eduservice.EduApplication - The following profiles are active: dev
2021-09-19 16:45:06.946 [restartedMain] INFO  o.s.d.r.config.RepositoryConfigurationDelegate - Multiple Spring Data modules found, entering strict repository configuration mode!
2021-09-19 16:45:06.947 [restartedMain] INFO  o.s.d.r.config.RepositoryConfigurationDelegate - Bootstrapping Spring Data Redis repositories in DEFAULT mode.
2021-09-19 16:45:06.953 [restartedMain] INFO  o.s.d.r.config.RepositoryConfigurationDelegate - Finished Spring Data repository scanning in 6ms. Found 0 Redis repository interfaces.
2021-09-19 16:45:07.008 [restartedMain] INFO  o.springframework.cloud.context.scope.GenericScope - BeanFactory id=a7306f5e-1fa8-3ef4-836c-d2a4b7fd28f3
2021-09-19 16:45:07.015 [restartedMain] INFO  o.s.c.s.PostProcessorRegistrationDelegate$BeanPostProcessorChecker - Bean 'com.wuzhangze.eduservice.client.MemberClient' of type [org.springframework.cloud.openfeign.FeignClientFactoryBean] is not eligible for getting processed by all BeanPostProcessors (for example: not eligible for auto-proxying)
2021-09-19 16:45:07.016 [restartedMain] INFO  o.s.c.s.PostProcessorRegistrationDelegate$BeanPostProcessorChecker - Bean 'com.wuzhangze.eduservice.client.OrderClient' of type [org.springframework.cloud.openfeign.FeignClientFactoryBean] is not eligible for getting processed by all BeanPostProcessors (for example: not eligible for auto-proxying)
2021-09-19 16:45:07.016 [restartedMain] INFO  o.s.c.s.PostProcessorRegistrationDelegate$BeanPostProcessorChecker - Bean 'com.wuzhangze.eduservice.client.VodClient' of type [org.springframework.cloud.openfeign.FeignClientFactoryBean] is not eligible for getting processed by all BeanPostProcessors (for example: not eligible for auto-proxying)
2021-09-19 16:45:07.042 [restartedMain] INFO  o.s.c.s.PostProcessorRegistrationDelegate$BeanPostProcessorChecker - Bean 'redisConfig' of type [com.wuzhangze.servicebase.RedisConfig$$EnhancerBySpringCGLIB$$7f0a80f3] is not eligible for getting processed by all BeanPostProcessors (for example: not eligible for auto-proxying)
2021-09-19 16:45:07.070 [restartedMain] INFO  o.s.c.s.PostProcessorRegistrationDelegate$BeanPostProcessorChecker - Bean 'spring.cloud.sentinel-com.alibaba.cloud.sentinel.SentinelProperties' of type [com.alibaba.cloud.sentinel.SentinelProperties] is not eligible for getting processed by all BeanPostProcessors (for example: not eligible for auto-proxying)
2021-09-19 16:45:07.096 [restartedMain] INFO  o.s.c.s.PostProcessorRegistrationDelegate$BeanPostProcessorChecker - Bean 'com.alibaba.cloud.sentinel.custom.SentinelAutoConfiguration' of type [com.alibaba.cloud.sentinel.custom.SentinelAutoConfiguration] is not eligible for getting processed by all BeanPostProcessors (for example: not eligible for auto-proxying)
2021-09-19 16:45:07.213 [restartedMain] INFO  o.s.boot.web.embedded.tomcat.TomcatWebServer - Tomcat initialized with port(s): 8001 (http)
2021-09-19 16:45:07.213 [restartedMain] INFO  org.apache.coyote.http11.Http11NioProtocol - Initializing ProtocolHandler ["http-nio-8001"]
2021-09-19 16:45:07.214 [restartedMain] INFO  org.apache.catalina.core.StandardService - Starting service [Tomcat]
2021-09-19 16:45:07.214 [restartedMain] INFO  org.apache.catalina.core.StandardEngine - Starting Servlet engine: [Apache Tomcat/9.0.37]
2021-09-19 16:45:07.233 [restartedMain] INFO  o.a.c.core.ContainerBase.[Tomcat].[localhost].[/] - Initializing Spring embedded WebApplicationContext
2021-09-19 16:45:07.233 [restartedMain] INFO  o.s.b.w.s.c.ServletWebServerApplicationContext - Root WebApplicationContext: initialization completed in 771 ms
2021-09-19 16:45:08.081 [restartedMain] INFO  c.a.cloud.sentinel.SentinelWebAutoConfiguration - [Sentinel Starter] register SentinelWebInterceptor with urlPatterns: [/**].
2021-09-19 16:45:09.760 [restartedMain] INFO  org.springframework.cloud.commons.util.InetUtils - Cannot determine local hostname
2021-09-19 16:45:09.762 [restartedMain] INFO  com.alibaba.nacos.client.naming - initializer namespace from System Property :null
2021-09-19 16:45:09.762 [restartedMain] INFO  com.alibaba.nacos.client.naming - initializer namespace from System Environment :null
2021-09-19 16:45:09.762 [restartedMain] INFO  com.alibaba.nacos.client.naming - initializer namespace from System Property :null
2021-09-19 16:45:09.832 [restartedMain] INFO  o.s.b.actuate.endpoint.web.EndpointLinksResolver - Exposing 20 endpoint(s) beneath base path '/actuator'
2021-09-19 16:45:09.872 [restartedMain] INFO  s.d.s.w.PropertySourcedRequestMappingHandlerMapping - Mapped URL path [/v2/api-docs] onto method [springfox.documentation.swagger2.web.Swagger2Controller#getDocumentation(String, HttpServletRequest)]
2021-09-19 16:45:09.879 [restartedMain] INFO  com.netflix.config.sources.URLConfigurationSource - To enable URLs as dynamic configuration sources, define System property archaius.configurationSource.additionalUrls or make config.properties available on classpath.
2021-09-19 16:45:09.941 [restartedMain] INFO  o.s.scheduling.concurrent.ThreadPoolTaskExecutor - Initializing ExecutorService 'applicationTaskExecutor'
2021-09-19 16:45:09.987 [restartedMain] INFO  o.s.scheduling.concurrent.ThreadPoolTaskScheduler - Initializing ExecutorService 'Nacos-Watch-Task-Scheduler'
2021-09-19 16:45:11.691 [restartedMain] INFO  org.springframework.cloud.commons.util.InetUtils - Cannot determine local hostname
2021-09-19 16:45:11.780 [restartedMain] INFO  com.alibaba.nacos.client.naming - [LISTENER] adding DEFAULT_GROUP@@service-edu with DEFAULT to listener map
2021-09-19 16:45:11.781 [restartedMain] INFO  org.apache.coyote.http11.Http11NioProtocol - Starting ProtocolHandler ["http-nio-8001"]
2021-09-19 16:45:11.783 [restartedMain] INFO  o.s.boot.web.embedded.tomcat.TomcatWebServer - Tomcat started on port(s): 8001 (http) with context path ''
2021-09-19 16:45:11.784 [restartedMain] INFO  com.alibaba.nacos.client.naming - [BEAT] adding beat: BeatInfo{port=8001, ip='192.168.163.1', weight=1.0, serviceName='DEFAULT_GROUP@@service-edu', cluster='DEFAULT', metadata={preserved.register.source=SPRING_CLOUD}, scheduled=false, period=5000, stopped=false} to beat map.
2021-09-19 16:45:11.784 [restartedMain] INFO  com.alibaba.nacos.client.naming - [REGISTER-SERVICE] public registering service DEFAULT_GROUP@@service-edu with instance: Instance{instanceId='null', ip='192.168.163.1', port=8001, weight=1.0, healthy=true, enabled=true, ephemeral=true, clusterName='DEFAULT', serviceName='null', metadata={preserved.register.source=SPRING_CLOUD}}
2021-09-19 16:45:11.809 [restartedMain] INFO  c.a.cloud.nacos.registry.NacosServiceRegistry - nacos registry, DEFAULT_GROUP service-edu 192.168.163.1:8001 register finished
2021-09-19 16:45:12.807 [com.alibaba.nacos.client.naming.updater] INFO  com.alibaba.nacos.client.naming - new ips(1) service: DEFAULT_GROUP@@service-edu@@DEFAULT -> [{"instanceId":"192.168.163.1#8001#DEFAULT#DEFAULT_GROUP@@service-edu","ip":"192.168.163.1","port":8001,"weight":1.0,"healthy":true,"enabled":true,"ephemeral":true,"clusterName":"DEFAULT","serviceName":"DEFAULT_GROUP@@service-edu","metadata":{"preserved.register.source":"SPRING_CLOUD"},"ipDeleteTimeout":30000,"instanceHeartBeatInterval":5000,"instanceHeartBeatTimeOut":15000}]
2021-09-19 16:45:12.809 [com.alibaba.nacos.client.naming.updater] INFO  com.alibaba.nacos.client.naming - current ips:(1) service: DEFAULT_GROUP@@service-edu@@DEFAULT -> [{"instanceId":"192.168.163.1#8001#DEFAULT#DEFAULT_GROUP@@service-edu","ip":"192.168.163.1","port":8001,"weight":1.0,"healthy":true,"enabled":true,"ephemeral":true,"clusterName":"DEFAULT","serviceName":"DEFAULT_GROUP@@service-edu","metadata":{"preserved.register.source":"SPRING_CLOUD"},"ipDeleteTimeout":30000,"instanceHeartBeatInterval":5000,"instanceHeartBeatTimeOut":15000}]
2021-09-19 16:45:13.406 [restartedMain] INFO  org.springframework.cloud.commons.util.InetUtils - Cannot determine local hostname
2021-09-19 16:45:13.406 [restartedMain] INFO  s.d.s.web.plugins.DocumentationPluginsBootstrapper - Context refreshed
2021-09-19 16:45:13.407 [restartedMain] INFO  s.d.s.web.plugins.DocumentationPluginsBootstrapper - Found 1 custom documentation plugin(s)
2021-09-19 16:45:13.419 [restartedMain] INFO  s.d.spring.web.scanners.ApiListingReferenceScanner - Scanning for api listing references
2021-09-19 16:45:13.456 [restartedMain] INFO  s.d.s.w.r.operation.CachingOperationNameGenerator - Generating unique operation named: getCourseInfoUsingGET_1
2021-09-19 16:45:13.472 [restartedMain] INFO  s.d.s.w.r.operation.CachingOperationNameGenerator - Generating unique operation named: findAllUsingGET_1
2021-09-19 16:45:13.493 [restartedMain] INFO  s.d.s.w.r.operation.CachingOperationNameGenerator - Generating unique operation named: handleUsingGET_1
2021-09-19 16:45:13.494 [restartedMain] INFO  s.d.s.w.r.operation.CachingOperationNameGenerator - Generating unique operation named: handleUsingGET_2
2021-09-19 16:45:13.497 [restartedMain] INFO  s.d.s.w.r.operation.CachingOperationNameGenerator - Generating unique operation named: handleUsingGET_3
2021-09-19 16:45:13.498 [restartedMain] INFO  s.d.s.w.r.operation.CachingOperationNameGenerator - Generating unique operation named: handleUsingDELETE_1
2021-09-19 16:45:13.499 [restartedMain] INFO  s.d.s.w.r.operation.CachingOperationNameGenerator - Generating unique operation named: handleUsingGET_4
2021-09-19 16:45:13.500 [restartedMain] INFO  s.d.s.w.r.operation.CachingOperationNameGenerator - Generating unique operation named: handleUsingGET_5
2021-09-19 16:45:13.501 [restartedMain] INFO  s.d.s.w.r.operation.CachingOperationNameGenerator - Generating unique operation named: handleUsingGET_6
2021-09-19 16:45:13.502 [restartedMain] INFO  s.d.s.w.r.operation.CachingOperationNameGenerator - Generating unique operation named: handleUsingGET_7
2021-09-19 16:45:13.503 [restartedMain] INFO  s.d.s.w.r.operation.CachingOperationNameGenerator - Generating unique operation named: handleUsingGET_8
2021-09-19 16:45:13.504 [restartedMain] INFO  s.d.s.w.r.operation.CachingOperationNameGenerator - Generating unique operation named: handleUsingGET_9
2021-09-19 16:45:13.505 [restartedMain] INFO  s.d.s.w.r.operation.CachingOperationNameGenerator - Generating unique operation named: handleUsingGET_10
2021-09-19 16:45:13.506 [restartedMain] INFO  s.d.s.w.r.operation.CachingOperationNameGenerator - Generating unique operation named: handleUsingGET_11
2021-09-19 16:45:13.507 [restartedMain] INFO  s.d.s.w.r.operation.CachingOperationNameGenerator - Generating unique operation named: handleUsingGET_12
2021-09-19 16:45:13.510 [restartedMain] INFO  s.d.s.w.r.operation.CachingOperationNameGenerator - Generating unique operation named: handleUsingGET_13
2021-09-19 16:45:13.510 [restartedMain] INFO  s.d.s.w.r.operation.CachingOperationNameGenerator - Generating unique operation named: handleUsingGET_14
2021-09-19 16:45:13.511 [restartedMain] INFO  s.d.s.w.r.operation.CachingOperationNameGenerator - Generating unique operation named: handleUsingGET_15
2021-09-19 16:45:13.512 [restartedMain] INFO  s.d.s.w.r.operation.CachingOperationNameGenerator - Generating unique operation named: handleUsingGET_16
2021-09-19 16:45:13.514 [restartedMain] INFO  s.d.s.w.r.operation.CachingOperationNameGenerator - Generating unique operation named: handleUsingGET_17
2021-09-19 16:45:13.515 [restartedMain] INFO  s.d.s.w.r.operation.CachingOperationNameGenerator - Generating unique operation named: handleUsingGET_18
2021-09-19 16:45:13.516 [restartedMain] INFO  s.d.s.w.r.operation.CachingOperationNameGenerator - Generating unique operation named: handleUsingGET_19
2021-09-19 16:45:13.517 [restartedMain] INFO  s.d.s.w.r.operation.CachingOperationNameGenerator - Generating unique operation named: handleUsingPOST_1
2021-09-19 16:45:13.518 [restartedMain] INFO  s.d.s.w.r.operation.CachingOperationNameGenerator - Generating unique operation named: handleUsingGET_20
2021-09-19 16:45:13.519 [restartedMain] INFO  s.d.s.w.r.operation.CachingOperationNameGenerator - Generating unique operation named: handleUsingGET_21
2021-09-19 16:45:13.520 [restartedMain] INFO  s.d.s.w.r.operation.CachingOperationNameGenerator - Generating unique operation named: handleUsingGET_22
2021-09-19 16:45:13.521 [restartedMain] INFO  s.d.s.w.r.operation.CachingOperationNameGenerator - Generating unique operation named: handleUsingPOST_2
2021-09-19 16:45:13.523 [restartedMain] INFO  s.d.s.w.r.operation.CachingOperationNameGenerator - Generating unique operation named: handleUsingGET_23
2021-09-19 16:45:13.523 [restartedMain] INFO  s.d.s.w.r.operation.CachingOperationNameGenerator - Generating unique operation named: findAllUsingGET_2
2021-09-19 16:45:13.526 [restartedMain] INFO  s.d.s.w.r.operation.CachingOperationNameGenerator - Generating unique operation named: pageListTeacherUsingGET_1
2021-09-19 16:45:13.536 [restartedMain] INFO  com.wuzhangze.eduservice.EduApplication - Started EduApplication in 10.573 seconds (JVM running for 1021.869)
2021-09-19 16:45:13.538 [restartedMain] INFO  com.alibaba.nacos.client.config.impl.CacheData - [fixed-120.25.72.212_8848] [add-listener] ok, tenant=, dataId=nacos-config-client-dev.yml, group=DEFAULT_GROUP, cnt=2
2021-09-19 16:45:13.538 [restartedMain] INFO  com.alibaba.nacos.client.config.impl.CacheData - [fixed-120.25.72.212_8848] [add-listener] ok, tenant=, dataId=nacos-config-client.yml, group=DEFAULT_GROUP, cnt=2
2021-09-19 16:45:13.538 [restartedMain] INFO  com.alibaba.nacos.client.config.impl.CacheData - [fixed-120.25.72.212_8848] [add-listener] ok, tenant=, dataId=nacos-config-client, group=DEFAULT_GROUP, cnt=2
2021-09-19 16:45:13.539 [restartedMain] INFO  o.s.b.d.a.ConditionEvaluationDeltaLoggingListener - Condition evaluation unchanged
2021-09-19 16:48:49.561 [http-nio-8001-exec-9] INFO  o.a.c.core.ContainerBase.[Tomcat].[localhost].[/] - Initializing Spring DispatcherServlet 'dispatcherServlet'
2021-09-19 16:48:49.561 [http-nio-8001-exec-9] INFO  org.springframework.web.servlet.DispatcherServlet - Initializing Servlet 'dispatcherServlet'
2021-09-19 16:48:49.566 [http-nio-8001-exec-9] INFO  org.springframework.web.servlet.DispatcherServlet - Completed initialization in 5 ms
2021-09-19 16:56:57.122 [http-nio-8001-exec-3] INFO  com.zaxxer.hikari.HikariDataSource - HikariPool-2 - Starting...
2021-09-19 16:56:57.132 [http-nio-8001-exec-3] INFO  com.zaxxer.hikari.HikariDataSource - HikariPool-2 - Start completed.
2021-09-19 16:58:06.966 [Thread-72] INFO  o.s.scheduling.concurrent.ThreadPoolTaskScheduler - Shutting down ExecutorService 'Nacos-Watch-Task-Scheduler'
2021-09-19 16:58:06.966 [Thread-72] INFO  com.alibaba.nacos.client.naming - [LISTENER] removing DEFAULT_GROUP@@service-edu with DEFAULT from listener map
2021-09-19 16:58:06.967 [Thread-72] INFO  c.a.cloud.nacos.registry.NacosServiceRegistry - De-registering from Nacos Server now...
2021-09-19 16:58:06.967 [Thread-72] INFO  com.alibaba.nacos.client.naming - [BEAT] removing beat: DEFAULT_GROUP@@service-edu:192.168.163.1:8001 from beat map.
2021-09-19 16:58:06.967 [Thread-72] INFO  com.alibaba.nacos.client.naming - [DEREGISTER-SERVICE] public deregistering service DEFAULT_GROUP@@service-edu with instance: Instance{instanceId='null', ip='192.168.163.1', port=8001, weight=1.0, healthy=true, enabled=true, ephemeral=true, clusterName='DEFAULT', serviceName='null', metadata={}}
2021-09-19 16:58:06.994 [Thread-72] INFO  c.a.cloud.nacos.registry.NacosServiceRegistry - De-registration finished.
2021-09-19 16:58:06.994 [Thread-72] INFO  com.alibaba.nacos.client.naming - com.alibaba.nacos.client.naming.beat.BeatReactor do shutdown begin
2021-09-19 16:58:10.010 [Thread-72] INFO  com.alibaba.nacos.client.naming - com.alibaba.nacos.client.naming.beat.BeatReactor do shutdown stop
2021-09-19 16:58:10.011 [Thread-72] INFO  com.alibaba.nacos.client.naming - com.alibaba.nacos.client.naming.core.EventDispatcher do shutdown begin
2021-09-19 16:58:13.014 [Thread-72] INFO  com.alibaba.nacos.client.naming - com.alibaba.nacos.client.naming.core.EventDispatcher do shutdown stop
2021-09-19 16:58:13.014 [Thread-72] INFO  com.alibaba.nacos.client.naming - com.alibaba.nacos.client.naming.core.HostReactor do shutdown begin
2021-09-19 16:58:15.116 [com.alibaba.nacos.client.naming.updater] INFO  com.alibaba.nacos.client.naming - removed ips(1) service: DEFAULT_GROUP@@service-edu@@DEFAULT -> [{"instanceId":"192.168.163.1#8001#DEFAULT#DEFAULT_GROUP@@service-edu","ip":"192.168.163.1","port":8001,"weight":1.0,"healthy":true,"enabled":true,"ephemeral":true,"clusterName":"DEFAULT","serviceName":"DEFAULT_GROUP@@service-edu","metadata":{"preserved.register.source":"SPRING_CLOUD"},"ipDeleteTimeout":30000,"instanceHeartBeatInterval":5000,"instanceHeartBeatTimeOut":15000}]
2021-09-19 16:58:15.117 [com.alibaba.nacos.client.naming.updater] INFO  com.alibaba.nacos.client.naming - current ips:(0) service: DEFAULT_GROUP@@service-edu@@DEFAULT -> []
2021-09-19 16:58:15.118 [Thread-72] INFO  com.alibaba.nacos.client.naming - com.alibaba.nacos.client.naming.core.PushReceiver do shutdown begin
2021-09-19 16:58:18.119 [Thread-72] INFO  com.alibaba.nacos.client.naming - com.alibaba.nacos.client.naming.core.PushReceiver do shutdown stop
2021-09-19 16:58:18.120 [Thread-72] INFO  com.alibaba.nacos.client.naming - com.alibaba.nacos.client.naming.backups.FailoverReactor do shutdown begin
2021-09-19 16:58:18.120 [Thread-72] INFO  com.alibaba.nacos.client.naming - com.alibaba.nacos.client.naming.backups.FailoverReactor do shutdown stop
2021-09-19 16:58:18.120 [Thread-72] INFO  com.alibaba.nacos.client.naming - com.alibaba.nacos.client.naming.core.HostReactor do shutdown stop
2021-09-19 16:58:18.120 [Thread-72] INFO  com.alibaba.nacos.client.naming - com.alibaba.nacos.client.naming.net.NamingProxy do shutdown begin
2021-09-19 16:58:18.122 [Thread-72] INFO  com.alibaba.nacos.client.naming - com.alibaba.nacos.client.naming.net.NamingProxy do shutdown stop
2021-09-19 16:58:18.122 [Thread-72] INFO  o.s.scheduling.concurrent.ThreadPoolTaskExecutor - Shutting down ExecutorService 'applicationTaskExecutor'
2021-09-19 16:58:18.133 [Thread-72] INFO  com.zaxxer.hikari.HikariDataSource - HikariPool-2 - Shutdown initiated...
2021-09-19 16:58:18.142 [Thread-72] INFO  com.zaxxer.hikari.HikariDataSource - HikariPool-2 - Shutdown completed.
2021-09-19 16:58:21.858 [restartedMain] INFO  o.s.c.b.c.PropertySourceBootstrapConfiguration - Located property source: [BootstrapPropertySource {name='bootstrapProperties-nacos-config-client-dev.yml,DEFAULT_GROUP'}, BootstrapPropertySource {name='bootstrapProperties-nacos-config-client.yml,DEFAULT_GROUP'}, BootstrapPropertySource {name='bootstrapProperties-nacos-config-client,DEFAULT_GROUP'}]
2021-09-19 16:58:21.860 [restartedMain] INFO  com.wuzhangze.eduservice.EduApplication - The following profiles are active: dev
2021-09-19 16:58:22.344 [restartedMain] INFO  o.s.d.r.config.RepositoryConfigurationDelegate - Multiple Spring Data modules found, entering strict repository configuration mode!
2021-09-19 16:58:22.344 [restartedMain] INFO  o.s.d.r.config.RepositoryConfigurationDelegate - Bootstrapping Spring Data Redis repositories in DEFAULT mode.
2021-09-19 16:58:22.351 [restartedMain] INFO  o.s.d.r.config.RepositoryConfigurationDelegate - Finished Spring Data repository scanning in 7ms. Found 0 Redis repository interfaces.
2021-09-19 16:58:22.409 [restartedMain] INFO  o.springframework.cloud.context.scope.GenericScope - BeanFactory id=a7306f5e-1fa8-3ef4-836c-d2a4b7fd28f3
2021-09-19 16:58:22.415 [restartedMain] INFO  o.s.c.s.PostProcessorRegistrationDelegate$BeanPostProcessorChecker - Bean 'com.wuzhangze.eduservice.client.MemberClient' of type [org.springframework.cloud.openfeign.FeignClientFactoryBean] is not eligible for getting processed by all BeanPostProcessors (for example: not eligible for auto-proxying)
2021-09-19 16:58:22.415 [restartedMain] INFO  o.s.c.s.PostProcessorRegistrationDelegate$BeanPostProcessorChecker - Bean 'com.wuzhangze.eduservice.client.OrderClient' of type [org.springframework.cloud.openfeign.FeignClientFactoryBean] is not eligible for getting processed by all BeanPostProcessors (for example: not eligible for auto-proxying)
2021-09-19 16:58:22.416 [restartedMain] INFO  o.s.c.s.PostProcessorRegistrationDelegate$BeanPostProcessorChecker - Bean 'com.wuzhangze.eduservice.client.VodClient' of type [org.springframework.cloud.openfeign.FeignClientFactoryBean] is not eligible for getting processed by all BeanPostProcessors (for example: not eligible for auto-proxying)
2021-09-19 16:58:22.441 [restartedMain] INFO  o.s.c.s.PostProcessorRegistrationDelegate$BeanPostProcessorChecker - Bean 'redisConfig' of type [com.wuzhangze.servicebase.RedisConfig$$EnhancerBySpringCGLIB$$7f0a80f3] is not eligible for getting processed by all BeanPostProcessors (for example: not eligible for auto-proxying)
2021-09-19 16:58:22.467 [restartedMain] INFO  o.s.c.s.PostProcessorRegistrationDelegate$BeanPostProcessorChecker - Bean 'spring.cloud.sentinel-com.alibaba.cloud.sentinel.SentinelProperties' of type [com.alibaba.cloud.sentinel.SentinelProperties] is not eligible for getting processed by all BeanPostProcessors (for example: not eligible for auto-proxying)
2021-09-19 16:58:22.492 [restartedMain] INFO  o.s.c.s.PostProcessorRegistrationDelegate$BeanPostProcessorChecker - Bean 'com.alibaba.cloud.sentinel.custom.SentinelAutoConfiguration' of type [com.alibaba.cloud.sentinel.custom.SentinelAutoConfiguration] is not eligible for getting processed by all BeanPostProcessors (for example: not eligible for auto-proxying)
2021-09-19 16:58:22.608 [restartedMain] INFO  o.s.boot.web.embedded.tomcat.TomcatWebServer - Tomcat initialized with port(s): 8001 (http)
2021-09-19 16:58:22.608 [restartedMain] INFO  org.apache.coyote.http11.Http11NioProtocol - Initializing ProtocolHandler ["http-nio-8001"]
2021-09-19 16:58:22.608 [restartedMain] INFO  org.apache.catalina.core.StandardService - Starting service [Tomcat]
2021-09-19 16:58:22.608 [restartedMain] INFO  org.apache.catalina.core.StandardEngine - Starting Servlet engine: [Apache Tomcat/9.0.37]
2021-09-19 16:58:22.624 [restartedMain] INFO  o.a.c.core.ContainerBase.[Tomcat].[localhost].[/] - Initializing Spring embedded WebApplicationContext
2021-09-19 16:58:22.624 [restartedMain] INFO  o.s.b.w.s.c.ServletWebServerApplicationContext - Root WebApplicationContext: initialization completed in 758 ms
2021-09-19 16:58:23.478 [restartedMain] INFO  c.a.cloud.sentinel.SentinelWebAutoConfiguration - [Sentinel Starter] register SentinelWebInterceptor with urlPatterns: [/**].
2021-09-19 16:58:25.178 [restartedMain] INFO  org.springframework.cloud.commons.util.InetUtils - Cannot determine local hostname
2021-09-19 16:58:25.179 [restartedMain] INFO  com.alibaba.nacos.client.naming - initializer namespace from System Property :null
2021-09-19 16:58:25.179 [restartedMain] INFO  com.alibaba.nacos.client.naming - initializer namespace from System Environment :null
2021-09-19 16:58:25.179 [restartedMain] INFO  com.alibaba.nacos.client.naming - initializer namespace from System Property :null
2021-09-19 16:58:25.255 [restartedMain] INFO  o.s.b.actuate.endpoint.web.EndpointLinksResolver - Exposing 20 endpoint(s) beneath base path '/actuator'
2021-09-19 16:58:25.293 [restartedMain] INFO  s.d.s.w.PropertySourcedRequestMappingHandlerMapping - Mapped URL path [/v2/api-docs] onto method [springfox.documentation.swagger2.web.Swagger2Controller#getDocumentation(String, HttpServletRequest)]
2021-09-19 16:58:25.310 [restartedMain] INFO  com.netflix.config.sources.URLConfigurationSource - To enable URLs as dynamic configuration sources, define System property archaius.configurationSource.additionalUrls or make config.properties available on classpath.
2021-09-19 16:58:25.370 [restartedMain] INFO  o.s.scheduling.concurrent.ThreadPoolTaskExecutor - Initializing ExecutorService 'applicationTaskExecutor'
2021-09-19 16:58:25.412 [restartedMain] INFO  o.s.scheduling.concurrent.ThreadPoolTaskScheduler - Initializing ExecutorService 'Nacos-Watch-Task-Scheduler'
2021-09-19 16:58:27.127 [restartedMain] INFO  org.springframework.cloud.commons.util.InetUtils - Cannot determine local hostname
2021-09-19 16:58:27.199 [restartedMain] INFO  com.alibaba.nacos.client.naming - [LISTENER] adding DEFAULT_GROUP@@service-edu with DEFAULT to listener map
2021-09-19 16:58:27.200 [restartedMain] INFO  org.apache.coyote.http11.Http11NioProtocol - Starting ProtocolHandler ["http-nio-8001"]
2021-09-19 16:58:27.202 [restartedMain] INFO  o.s.boot.web.embedded.tomcat.TomcatWebServer - Tomcat started on port(s): 8001 (http) with context path ''
2021-09-19 16:58:27.203 [restartedMain] INFO  com.alibaba.nacos.client.naming - [BEAT] adding beat: BeatInfo{port=8001, ip='192.168.163.1', weight=1.0, serviceName='DEFAULT_GROUP@@service-edu', cluster='DEFAULT', metadata={preserved.register.source=SPRING_CLOUD}, scheduled=false, period=5000, stopped=false} to beat map.
2021-09-19 16:58:27.203 [restartedMain] INFO  com.alibaba.nacos.client.naming - [REGISTER-SERVICE] public registering service DEFAULT_GROUP@@service-edu with instance: Instance{instanceId='null', ip='192.168.163.1', port=8001, weight=1.0, healthy=true, enabled=true, ephemeral=true, clusterName='DEFAULT', serviceName='null', metadata={preserved.register.source=SPRING_CLOUD}}
2021-09-19 16:58:27.230 [restartedMain] INFO  c.a.cloud.nacos.registry.NacosServiceRegistry - nacos registry, DEFAULT_GROUP service-edu 192.168.163.1:8001 register finished
2021-09-19 16:58:28.228 [com.alibaba.nacos.client.naming.updater] INFO  com.alibaba.nacos.client.naming - new ips(1) service: DEFAULT_GROUP@@service-edu@@DEFAULT -> [{"instanceId":"192.168.163.1#8001#DEFAULT#DEFAULT_GROUP@@service-edu","ip":"192.168.163.1","port":8001,"weight":1.0,"healthy":true,"enabled":true,"ephemeral":true,"clusterName":"DEFAULT","serviceName":"DEFAULT_GROUP@@service-edu","metadata":{"preserved.register.source":"SPRING_CLOUD"},"ipDeleteTimeout":30000,"instanceHeartBeatInterval":5000,"instanceHeartBeatTimeOut":15000}]
2021-09-19 16:58:28.229 [com.alibaba.nacos.client.naming.updater] INFO  com.alibaba.nacos.client.naming - current ips:(1) service: DEFAULT_GROUP@@service-edu@@DEFAULT -> [{"instanceId":"192.168.163.1#8001#DEFAULT#DEFAULT_GROUP@@service-edu","ip":"192.168.163.1","port":8001,"weight":1.0,"healthy":true,"enabled":true,"ephemeral":true,"clusterName":"DEFAULT","serviceName":"DEFAULT_GROUP@@service-edu","metadata":{"preserved.register.source":"SPRING_CLOUD"},"ipDeleteTimeout":30000,"instanceHeartBeatInterval":5000,"instanceHeartBeatTimeOut":15000}]
2021-09-19 16:58:28.834 [restartedMain] INFO  org.springframework.cloud.commons.util.InetUtils - Cannot determine local hostname
2021-09-19 16:58:28.834 [restartedMain] INFO  s.d.s.web.plugins.DocumentationPluginsBootstrapper - Context refreshed
2021-09-19 16:58:28.835 [restartedMain] INFO  s.d.s.web.plugins.DocumentationPluginsBootstrapper - Found 1 custom documentation plugin(s)
2021-09-19 16:58:28.845 [restartedMain] INFO  s.d.spring.web.scanners.ApiListingReferenceScanner - Scanning for api listing references
2021-09-19 16:58:28.879 [restartedMain] INFO  s.d.s.w.r.operation.CachingOperationNameGenerator - Generating unique operation named: getCourseInfoUsingGET_1
2021-09-19 16:58:28.893 [restartedMain] INFO  s.d.s.w.r.operation.CachingOperationNameGenerator - Generating unique operation named: findAllUsingGET_1
2021-09-19 16:58:28.913 [restartedMain] INFO  s.d.s.w.r.operation.CachingOperationNameGenerator - Generating unique operation named: handleUsingGET_1
2021-09-19 16:58:28.914 [restartedMain] INFO  s.d.s.w.r.operation.CachingOperationNameGenerator - Generating unique operation named: handleUsingGET_2
2021-09-19 16:58:28.916 [restartedMain] INFO  s.d.s.w.r.operation.CachingOperationNameGenerator - Generating unique operation named: handleUsingGET_3
2021-09-19 16:58:28.917 [restartedMain] INFO  s.d.s.w.r.operation.CachingOperationNameGenerator - Generating unique operation named: handleUsingDELETE_1
2021-09-19 16:58:28.918 [restartedMain] INFO  s.d.s.w.r.operation.CachingOperationNameGenerator - Generating unique operation named: handleUsingGET_4
2021-09-19 16:58:28.919 [restartedMain] INFO  s.d.s.w.r.operation.CachingOperationNameGenerator - Generating unique operation named: handleUsingGET_5
2021-09-19 16:58:28.921 [restartedMain] INFO  s.d.s.w.r.operation.CachingOperationNameGenerator - Generating unique operation named: handleUsingGET_6
2021-09-19 16:58:28.922 [restartedMain] INFO  s.d.s.w.r.operation.CachingOperationNameGenerator - Generating unique operation named: handleUsingGET_7
2021-09-19 16:58:28.923 [restartedMain] INFO  s.d.s.w.r.operation.CachingOperationNameGenerator - Generating unique operation named: handleUsingGET_8
2021-09-19 16:58:28.924 [restartedMain] INFO  s.d.s.w.r.operation.CachingOperationNameGenerator - Generating unique operation named: handleUsingGET_9
2021-09-19 16:58:28.925 [restartedMain] INFO  s.d.s.w.r.operation.CachingOperationNameGenerator - Generating unique operation named: handleUsingGET_10
2021-09-19 16:58:28.926 [restartedMain] INFO  s.d.s.w.r.operation.CachingOperationNameGenerator - Generating unique operation named: handleUsingGET_11
2021-09-19 16:58:28.927 [restartedMain] INFO  s.d.s.w.r.operation.CachingOperationNameGenerator - Generating unique operation named: handleUsingGET_12
2021-09-19 16:58:28.929 [restartedMain] INFO  s.d.s.w.r.operation.CachingOperationNameGenerator - Generating unique operation named: handleUsingGET_13
2021-09-19 16:58:28.930 [restartedMain] INFO  s.d.s.w.r.operation.CachingOperationNameGenerator - Generating unique operation named: handleUsingGET_14
2021-09-19 16:58:28.931 [restartedMain] INFO  s.d.s.w.r.operation.CachingOperationNameGenerator - Generating unique operation named: handleUsingGET_15
2021-09-19 16:58:28.932 [restartedMain] INFO  s.d.s.w.r.operation.CachingOperationNameGenerator - Generating unique operation named: handleUsingGET_16
2021-09-19 16:58:28.933 [restartedMain] INFO  s.d.s.w.r.operation.CachingOperationNameGenerator - Generating unique operation named: handleUsingGET_17
2021-09-19 16:58:28.934 [restartedMain] INFO  s.d.s.w.r.operation.CachingOperationNameGenerator - Generating unique operation named: handleUsingGET_18
2021-09-19 16:58:28.935 [restartedMain] INFO  s.d.s.w.r.operation.CachingOperationNameGenerator - Generating unique operation named: handleUsingGET_19
2021-09-19 16:58:28.936 [restartedMain] INFO  s.d.s.w.r.operation.CachingOperationNameGenerator - Generating unique operation named: handleUsingPOST_1
2021-09-19 16:58:28.937 [restartedMain] INFO  s.d.s.w.r.operation.CachingOperationNameGenerator - Generating unique operation named: handleUsingGET_20
2021-09-19 16:58:28.938 [restartedMain] INFO  s.d.s.w.r.operation.CachingOperationNameGenerator - Generating unique operation named: handleUsingGET_21
2021-09-19 16:58:28.939 [restartedMain] INFO  s.d.s.w.r.operation.CachingOperationNameGenerator - Generating unique operation named: handleUsingGET_22
2021-09-19 16:58:28.940 [restartedMain] INFO  s.d.s.w.r.operation.CachingOperationNameGenerator - Generating unique operation named: handleUsingPOST_2
2021-09-19 16:58:28.941 [restartedMain] INFO  s.d.s.w.r.operation.CachingOperationNameGenerator - Generating unique operation named: handleUsingGET_23
2021-09-19 16:58:28.942 [restartedMain] INFO  s.d.s.w.r.operation.CachingOperationNameGenerator - Generating unique operation named: findAllUsingGET_2
2021-09-19 16:58:28.944 [restartedMain] INFO  s.d.s.w.r.operation.CachingOperationNameGenerator - Generating unique operation named: pageListTeacherUsingGET_1
2021-09-19 16:58:28.954 [restartedMain] INFO  com.wuzhangze.eduservice.EduApplication - Started EduApplication in 10.535 seconds (JVM running for 1817.286)
2021-09-19 16:58:28.955 [restartedMain] INFO  com.alibaba.nacos.client.config.impl.CacheData - [fixed-120.25.72.212_8848] [add-listener] ok, tenant=, dataId=nacos-config-client-dev.yml, group=DEFAULT_GROUP, cnt=3
2021-09-19 16:58:28.956 [restartedMain] INFO  com.alibaba.nacos.client.config.impl.CacheData - [fixed-120.25.72.212_8848] [add-listener] ok, tenant=, dataId=nacos-config-client.yml, group=DEFAULT_GROUP, cnt=3
2021-09-19 16:58:28.956 [restartedMain] INFO  com.alibaba.nacos.client.config.impl.CacheData - [fixed-120.25.72.212_8848] [add-listener] ok, tenant=, dataId=nacos-config-client, group=DEFAULT_GROUP, cnt=3
2021-09-19 16:58:28.956 [restartedMain] INFO  o.s.b.d.a.ConditionEvaluationDeltaLoggingListener - Condition evaluation unchanged
2021-09-19 16:59:10.899 [http-nio-8001-exec-3] INFO  o.a.c.core.ContainerBase.[Tomcat].[localhost].[/] - Initializing Spring DispatcherServlet 'dispatcherServlet'
2021-09-19 16:59:10.900 [http-nio-8001-exec-3] INFO  org.springframework.web.servlet.DispatcherServlet - Initializing Servlet 'dispatcherServlet'
2021-09-19 16:59:10.906 [http-nio-8001-exec-3] INFO  org.springframework.web.servlet.DispatcherServlet - Completed initialization in 6 ms
2021-09-19 16:59:11.059 [http-nio-8001-exec-2] INFO  com.zaxxer.hikari.HikariDataSource - HikariPool-3 - Starting...
2021-09-19 16:59:11.069 [http-nio-8001-exec-2] INFO  com.zaxxer.hikari.HikariDataSource - HikariPool-3 - Start completed.
