2021-09-25 22:49:29.219 [restartedMain] INFO  o.s.b.d.env.DevToolsPropertyDefaultsPostProcessor - Devtools property defaults active! Set 'spring.devtools.add-properties' to 'false' to disable
2021-09-25 22:49:30.959 [restartedMain] INFO  c.a.n.client.config.impl.LocalConfigInfoProcessor - LOCAL_SNAPSHOT_PATH:C:\Users\86182\nacos\config
2021-09-25 22:49:30.991 [restartedMain] INFO  com.alibaba.nacos.client.config.impl.Limiter - limitTime:5.0
2021-09-25 22:49:40.133 [restartedMain] INFO  com.alibaba.nacos.client.config.utils.JvmUtil - isMultiInstance:false
2021-09-25 22:49:40.141 [restartedMain] INFO  o.s.c.b.c.PropertySourceBootstrapConfiguration - Located property source: [BootstrapPropertySource {name='bootstrapProperties-nacos-config-client-dev.yml,DEFAULT_GROUP'}, BootstrapPropertySource {name='bootstrapProperties-nacos-config-client.yml,DEFAULT_GROUP'}, BootstrapPropertySource {name='bootstrapProperties-nacos-config-client,DEFAULT_GROUP'}]
2021-09-25 22:49:40.174 [restartedMain] INFO  com.wuzhangze.eduservice.EduApplication - The following profiles are active: dev
2021-09-25 22:49:41.445 [restartedMain] INFO  o.s.d.r.config.RepositoryConfigurationDelegate - Multiple Spring Data modules found, entering strict repository configuration mode!
2021-09-25 22:49:41.447 [restartedMain] INFO  o.s.d.r.config.RepositoryConfigurationDelegate - Bootstrapping Spring Data Redis repositories in DEFAULT mode.
2021-09-25 22:49:41.501 [restartedMain] INFO  o.s.d.r.config.RepositoryConfigurationDelegate - Finished Spring Data repository scanning in 43ms. Found 0 Redis repository interfaces.
2021-09-25 22:49:41.768 [restartedMain] INFO  o.springframework.cloud.context.scope.GenericScope - BeanFactory id=a7306f5e-1fa8-3ef4-836c-d2a4b7fd28f3
2021-09-25 22:49:41.810 [restartedMain] INFO  o.s.c.s.PostProcessorRegistrationDelegate$BeanPostProcessorChecker - Bean 'com.wuzhangze.eduservice.client.MemberClient' of type [org.springframework.cloud.openfeign.FeignClientFactoryBean] is not eligible for getting processed by all BeanPostProcessors (for example: not eligible for auto-proxying)
2021-09-25 22:49:41.811 [restartedMain] INFO  o.s.c.s.PostProcessorRegistrationDelegate$BeanPostProcessorChecker - Bean 'com.wuzhangze.eduservice.client.OrderClient' of type [org.springframework.cloud.openfeign.FeignClientFactoryBean] is not eligible for getting processed by all BeanPostProcessors (for example: not eligible for auto-proxying)
2021-09-25 22:49:41.812 [restartedMain] INFO  o.s.c.s.PostProcessorRegistrationDelegate$BeanPostProcessorChecker - Bean 'com.wuzhangze.eduservice.client.VodClient' of type [org.springframework.cloud.openfeign.FeignClientFactoryBean] is not eligible for getting processed by all BeanPostProcessors (for example: not eligible for auto-proxying)
2021-09-25 22:49:42.061 [restartedMain] INFO  o.s.c.s.PostProcessorRegistrationDelegate$BeanPostProcessorChecker - Bean 'redisConfig' of type [com.wuzhangze.servicebase.RedisConfig$$EnhancerBySpringCGLIB$$8c931baf] is not eligible for getting processed by all BeanPostProcessors (for example: not eligible for auto-proxying)
2021-09-25 22:49:42.173 [restartedMain] INFO  o.s.c.s.PostProcessorRegistrationDelegate$BeanPostProcessorChecker - Bean 'spring.cloud.sentinel-com.alibaba.cloud.sentinel.SentinelProperties' of type [com.alibaba.cloud.sentinel.SentinelProperties] is not eligible for getting processed by all BeanPostProcessors (for example: not eligible for auto-proxying)
2021-09-25 22:49:42.226 [restartedMain] INFO  o.s.c.s.PostProcessorRegistrationDelegate$BeanPostProcessorChecker - Bean 'com.alibaba.cloud.sentinel.custom.SentinelAutoConfiguration' of type [com.alibaba.cloud.sentinel.custom.SentinelAutoConfiguration] is not eligible for getting processed by all BeanPostProcessors (for example: not eligible for auto-proxying)
2021-09-25 22:49:42.630 [restartedMain] INFO  o.s.boot.web.embedded.tomcat.TomcatWebServer - Tomcat initialized with port(s): 8001 (http)
2021-09-25 22:49:42.639 [restartedMain] INFO  org.apache.coyote.http11.Http11NioProtocol - Initializing ProtocolHandler ["http-nio-8001"]
2021-09-25 22:49:42.639 [restartedMain] INFO  org.apache.catalina.core.StandardService - Starting service [Tomcat]
2021-09-25 22:49:42.639 [restartedMain] INFO  org.apache.catalina.core.StandardEngine - Starting Servlet engine: [Apache Tomcat/9.0.37]
2021-09-25 22:49:42.766 [restartedMain] INFO  o.a.c.core.ContainerBase.[Tomcat].[localhost].[/] - Initializing Spring embedded WebApplicationContext
2021-09-25 22:49:42.766 [restartedMain] INFO  o.s.b.w.s.c.ServletWebServerApplicationContext - Root WebApplicationContext: initialization completed in 2571 ms
2021-09-25 22:49:44.479 [restartedMain] INFO  c.a.cloud.sentinel.SentinelWebAutoConfiguration - [Sentinel Starter] register SentinelWebInterceptor with urlPatterns: [/**].
2021-09-25 22:49:46.130 [restartedMain] INFO  org.springframework.cloud.commons.util.InetUtils - Cannot determine local hostname
2021-09-25 22:49:46.134 [restartedMain] INFO  com.alibaba.nacos.client.naming - initializer namespace from System Property :null
2021-09-25 22:49:46.135 [restartedMain] INFO  com.alibaba.nacos.client.naming - initializer namespace from System Environment :null
2021-09-25 22:49:46.135 [restartedMain] INFO  com.alibaba.nacos.client.naming - initializer namespace from System Property :null
2021-09-25 22:49:46.266 [restartedMain] INFO  o.s.b.actuate.endpoint.web.EndpointLinksResolver - Exposing 20 endpoint(s) beneath base path '/actuator'
2021-09-25 22:49:46.403 [restartedMain] INFO  s.d.s.w.PropertySourcedRequestMappingHandlerMapping - Mapped URL path [/v2/api-docs] onto method [springfox.documentation.swagger2.web.Swagger2Controller#getDocumentation(String, HttpServletRequest)]
2021-09-25 22:49:46.423 [restartedMain] INFO  com.netflix.config.sources.URLConfigurationSource - To enable URLs as dynamic configuration sources, define System property archaius.configurationSource.additionalUrls or make config.properties available on classpath.
2021-09-25 22:49:46.427 [restartedMain] INFO  com.netflix.config.sources.URLConfigurationSource - To enable URLs as dynamic configuration sources, define System property archaius.configurationSource.additionalUrls or make config.properties available on classpath.
2021-09-25 22:49:46.551 [restartedMain] INFO  o.s.scheduling.concurrent.ThreadPoolTaskExecutor - Initializing ExecutorService 'applicationTaskExecutor'
2021-09-25 22:49:46.660 [restartedMain] INFO  o.s.scheduling.concurrent.ThreadPoolTaskScheduler - Initializing ExecutorService 'Nacos-Watch-Task-Scheduler'
2021-09-25 22:49:48.474 [restartedMain] INFO  org.springframework.cloud.commons.util.InetUtils - Cannot determine local hostname
2021-09-25 22:49:57.331 [restartedMain] INFO  com.alibaba.nacos.client.naming - [LISTENER] adding DEFAULT_GROUP@@service-edu with DEFAULT to listener map
2021-09-25 22:49:57.334 [restartedMain] INFO  org.apache.coyote.http11.Http11NioProtocol - Starting ProtocolHandler ["http-nio-8001"]
2021-09-25 22:49:57.360 [restartedMain] INFO  o.s.boot.web.embedded.tomcat.TomcatWebServer - Tomcat started on port(s): 8001 (http) with context path ''
2021-09-25 22:49:57.363 [restartedMain] INFO  com.alibaba.nacos.client.naming - [BEAT] adding beat: BeatInfo{port=8001, ip='192.168.163.1', weight=1.0, serviceName='DEFAULT_GROUP@@service-edu', cluster='DEFAULT', metadata={preserved.register.source=SPRING_CLOUD}, scheduled=false, period=5000, stopped=false} to beat map.
2021-09-25 22:49:57.365 [restartedMain] INFO  com.alibaba.nacos.client.naming - [REGISTER-SERVICE] public registering service DEFAULT_GROUP@@service-edu with instance: Instance{instanceId='null', ip='192.168.163.1', port=8001, weight=1.0, healthy=true, enabled=true, ephemeral=true, clusterName='DEFAULT', serviceName='null', metadata={preserved.register.source=SPRING_CLOUD}}
2021-09-25 22:50:06.044 [restartedMain] INFO  o.s.scheduling.concurrent.ThreadPoolTaskExecutor - Shutting down ExecutorService 'applicationTaskExecutor'
2021-09-25 22:50:06.046 [restartedMain] INFO  com.alibaba.nacos.client.naming - com.alibaba.nacos.client.naming.beat.BeatReactor do shutdown begin
2021-09-25 22:50:09.060 [restartedMain] INFO  com.alibaba.nacos.client.naming - com.alibaba.nacos.client.naming.beat.BeatReactor do shutdown stop
2021-09-25 22:50:09.060 [restartedMain] INFO  com.alibaba.nacos.client.naming - com.alibaba.nacos.client.naming.core.EventDispatcher do shutdown begin
2021-09-25 22:50:12.071 [restartedMain] INFO  com.alibaba.nacos.client.naming - com.alibaba.nacos.client.naming.core.EventDispatcher do shutdown stop
2021-09-25 22:50:12.071 [restartedMain] INFO  com.alibaba.nacos.client.naming - com.alibaba.nacos.client.naming.core.HostReactor do shutdown begin
2021-09-25 22:50:15.100 [restartedMain] INFO  com.alibaba.nacos.client.naming - com.alibaba.nacos.client.naming.core.PushReceiver do shutdown begin
2021-09-25 22:50:18.116 [restartedMain] INFO  com.alibaba.nacos.client.naming - com.alibaba.nacos.client.naming.core.PushReceiver do shutdown stop
2021-09-25 22:50:18.117 [restartedMain] INFO  com.alibaba.nacos.client.naming - com.alibaba.nacos.client.naming.backups.FailoverReactor do shutdown begin
2021-09-25 22:50:18.117 [restartedMain] INFO  com.alibaba.nacos.client.naming - com.alibaba.nacos.client.naming.backups.FailoverReactor do shutdown stop
2021-09-25 22:50:18.117 [restartedMain] INFO  com.alibaba.nacos.client.naming - com.alibaba.nacos.client.naming.core.HostReactor do shutdown stop
2021-09-25 22:50:18.117 [restartedMain] INFO  com.alibaba.nacos.client.naming - com.alibaba.nacos.client.naming.net.NamingProxy do shutdown begin
2021-09-25 22:50:18.117 [restartedMain] INFO  com.alibaba.nacos.client.naming - com.alibaba.nacos.client.naming.net.NamingProxy do shutdown stop
2021-09-25 22:50:18.135 [restartedMain] INFO  org.apache.coyote.http11.Http11NioProtocol - Pausing ProtocolHandler ["http-nio-8001"]
2021-09-25 22:50:18.337 [restartedMain] INFO  org.apache.catalina.core.StandardService - Stopping service [Tomcat]
2021-09-25 22:50:18.341 [restartedMain] INFO  org.apache.coyote.http11.Http11NioProtocol - Stopping ProtocolHandler ["http-nio-8001"]
2021-09-25 22:50:18.345 [restartedMain] INFO  org.apache.coyote.http11.Http11NioProtocol - Destroying ProtocolHandler ["http-nio-8001"]
2021-09-25 22:50:18.355 [restartedMain] INFO  o.s.b.a.l.ConditionEvaluationReportLoggingListener - 

Error starting ApplicationContext. To display the conditions report re-run your application with 'debug' enabled.
2021-09-25 22:57:14.352 [restartedMain] INFO  o.s.b.d.env.DevToolsPropertyDefaultsPostProcessor - Devtools property defaults active! Set 'spring.devtools.add-properties' to 'false' to disable
2021-09-25 22:57:16.115 [restartedMain] INFO  c.a.n.client.config.impl.LocalConfigInfoProcessor - LOCAL_SNAPSHOT_PATH:C:\Users\86182\nacos\config
2021-09-25 22:57:16.148 [restartedMain] INFO  com.alibaba.nacos.client.config.impl.Limiter - limitTime:5.0
2021-09-25 22:57:16.286 [restartedMain] INFO  com.alibaba.nacos.client.config.utils.JvmUtil - isMultiInstance:false
2021-09-25 22:57:16.295 [restartedMain] INFO  o.s.c.b.c.PropertySourceBootstrapConfiguration - Located property source: [BootstrapPropertySource {name='bootstrapProperties-nacos-config-client-dev.yml,DEFAULT_GROUP'}, BootstrapPropertySource {name='bootstrapProperties-nacos-config-client.yml,DEFAULT_GROUP'}, BootstrapPropertySource {name='bootstrapProperties-nacos-config-client,DEFAULT_GROUP'}]
2021-09-25 22:57:16.299 [restartedMain] INFO  com.wuzhangze.eduservice.EduApplication - The following profiles are active: dev
2021-09-25 22:57:17.504 [restartedMain] INFO  o.s.d.r.config.RepositoryConfigurationDelegate - Multiple Spring Data modules found, entering strict repository configuration mode!
2021-09-25 22:57:17.506 [restartedMain] INFO  o.s.d.r.config.RepositoryConfigurationDelegate - Bootstrapping Spring Data Redis repositories in DEFAULT mode.
2021-09-25 22:57:17.535 [restartedMain] INFO  o.s.d.r.config.RepositoryConfigurationDelegate - Finished Spring Data repository scanning in 15ms. Found 0 Redis repository interfaces.
2021-09-25 22:57:17.802 [restartedMain] INFO  o.springframework.cloud.context.scope.GenericScope - BeanFactory id=a7306f5e-1fa8-3ef4-836c-d2a4b7fd28f3
2021-09-25 22:57:17.846 [restartedMain] INFO  o.s.c.s.PostProcessorRegistrationDelegate$BeanPostProcessorChecker - Bean 'com.wuzhangze.eduservice.client.MemberClient' of type [org.springframework.cloud.openfeign.FeignClientFactoryBean] is not eligible for getting processed by all BeanPostProcessors (for example: not eligible for auto-proxying)
2021-09-25 22:57:17.847 [restartedMain] INFO  o.s.c.s.PostProcessorRegistrationDelegate$BeanPostProcessorChecker - Bean 'com.wuzhangze.eduservice.client.OrderClient' of type [org.springframework.cloud.openfeign.FeignClientFactoryBean] is not eligible for getting processed by all BeanPostProcessors (for example: not eligible for auto-proxying)
2021-09-25 22:57:17.848 [restartedMain] INFO  o.s.c.s.PostProcessorRegistrationDelegate$BeanPostProcessorChecker - Bean 'com.wuzhangze.eduservice.client.VodClient' of type [org.springframework.cloud.openfeign.FeignClientFactoryBean] is not eligible for getting processed by all BeanPostProcessors (for example: not eligible for auto-proxying)
2021-09-25 22:57:18.106 [restartedMain] INFO  o.s.c.s.PostProcessorRegistrationDelegate$BeanPostProcessorChecker - Bean 'redisConfig' of type [com.wuzhangze.servicebase.RedisConfig$$EnhancerBySpringCGLIB$$1b9a0a38] is not eligible for getting processed by all BeanPostProcessors (for example: not eligible for auto-proxying)
2021-09-25 22:57:18.222 [restartedMain] INFO  o.s.c.s.PostProcessorRegistrationDelegate$BeanPostProcessorChecker - Bean 'spring.cloud.sentinel-com.alibaba.cloud.sentinel.SentinelProperties' of type [com.alibaba.cloud.sentinel.SentinelProperties] is not eligible for getting processed by all BeanPostProcessors (for example: not eligible for auto-proxying)
2021-09-25 22:57:18.278 [restartedMain] INFO  o.s.c.s.PostProcessorRegistrationDelegate$BeanPostProcessorChecker - Bean 'com.alibaba.cloud.sentinel.custom.SentinelAutoConfiguration' of type [com.alibaba.cloud.sentinel.custom.SentinelAutoConfiguration] is not eligible for getting processed by all BeanPostProcessors (for example: not eligible for auto-proxying)
2021-09-25 22:57:18.676 [restartedMain] INFO  o.s.boot.web.embedded.tomcat.TomcatWebServer - Tomcat initialized with port(s): 8001 (http)
2021-09-25 22:57:18.684 [restartedMain] INFO  org.apache.coyote.http11.Http11NioProtocol - Initializing ProtocolHandler ["http-nio-8001"]
2021-09-25 22:57:18.685 [restartedMain] INFO  org.apache.catalina.core.StandardService - Starting service [Tomcat]
2021-09-25 22:57:18.685 [restartedMain] INFO  org.apache.catalina.core.StandardEngine - Starting Servlet engine: [Apache Tomcat/9.0.37]
2021-09-25 22:57:18.846 [restartedMain] INFO  o.a.c.core.ContainerBase.[Tomcat].[localhost].[/] - Initializing Spring embedded WebApplicationContext
2021-09-25 22:57:18.846 [restartedMain] INFO  o.s.b.w.s.c.ServletWebServerApplicationContext - Root WebApplicationContext: initialization completed in 2528 ms
2021-09-25 22:57:20.556 [restartedMain] INFO  c.a.cloud.sentinel.SentinelWebAutoConfiguration - [Sentinel Starter] register SentinelWebInterceptor with urlPatterns: [/**].
2021-09-25 22:57:22.233 [restartedMain] INFO  org.springframework.cloud.commons.util.InetUtils - Cannot determine local hostname
2021-09-25 22:57:22.237 [restartedMain] INFO  com.alibaba.nacos.client.naming - initializer namespace from System Property :null
2021-09-25 22:57:22.238 [restartedMain] INFO  com.alibaba.nacos.client.naming - initializer namespace from System Environment :null
2021-09-25 22:57:22.238 [restartedMain] INFO  com.alibaba.nacos.client.naming - initializer namespace from System Property :null
2021-09-25 22:57:22.398 [restartedMain] INFO  o.s.b.actuate.endpoint.web.EndpointLinksResolver - Exposing 20 endpoint(s) beneath base path '/actuator'
2021-09-25 22:57:22.538 [restartedMain] INFO  s.d.s.w.PropertySourcedRequestMappingHandlerMapping - Mapped URL path [/v2/api-docs] onto method [springfox.documentation.swagger2.web.Swagger2Controller#getDocumentation(String, HttpServletRequest)]
2021-09-25 22:57:22.559 [restartedMain] INFO  com.netflix.config.sources.URLConfigurationSource - To enable URLs as dynamic configuration sources, define System property archaius.configurationSource.additionalUrls or make config.properties available on classpath.
2021-09-25 22:57:22.563 [restartedMain] INFO  com.netflix.config.sources.URLConfigurationSource - To enable URLs as dynamic configuration sources, define System property archaius.configurationSource.additionalUrls or make config.properties available on classpath.
2021-09-25 22:57:22.692 [restartedMain] INFO  o.s.scheduling.concurrent.ThreadPoolTaskExecutor - Initializing ExecutorService 'applicationTaskExecutor'
2021-09-25 22:57:22.806 [restartedMain] INFO  o.s.scheduling.concurrent.ThreadPoolTaskScheduler - Initializing ExecutorService 'Nacos-Watch-Task-Scheduler'
2021-09-25 22:57:24.483 [restartedMain] INFO  org.springframework.cloud.commons.util.InetUtils - Cannot determine local hostname
2021-09-25 22:57:24.824 [restartedMain] INFO  com.alibaba.nacos.client.naming - [LISTENER] adding DEFAULT_GROUP@@service-edu with DEFAULT to listener map
2021-09-25 22:57:24.827 [restartedMain] INFO  org.apache.coyote.http11.Http11NioProtocol - Starting ProtocolHandler ["http-nio-8001"]
2021-09-25 22:57:24.849 [restartedMain] INFO  o.s.boot.web.embedded.tomcat.TomcatWebServer - Tomcat started on port(s): 8001 (http) with context path ''
2021-09-25 22:57:24.853 [restartedMain] INFO  com.alibaba.nacos.client.naming - [BEAT] adding beat: BeatInfo{port=8001, ip='192.168.163.1', weight=1.0, serviceName='DEFAULT_GROUP@@service-edu', cluster='DEFAULT', metadata={preserved.register.source=SPRING_CLOUD}, scheduled=false, period=5000, stopped=false} to beat map.
2021-09-25 22:57:24.853 [restartedMain] INFO  com.alibaba.nacos.client.naming - [REGISTER-SERVICE] public registering service DEFAULT_GROUP@@service-edu with instance: Instance{instanceId='null', ip='192.168.163.1', port=8001, weight=1.0, healthy=true, enabled=true, ephemeral=true, clusterName='DEFAULT', serviceName='null', metadata={preserved.register.source=SPRING_CLOUD}}
2021-09-25 22:57:24.878 [restartedMain] INFO  c.a.cloud.nacos.registry.NacosServiceRegistry - nacos registry, DEFAULT_GROUP service-edu 192.168.163.1:8001 register finished
2021-09-25 22:57:25.870 [com.alibaba.nacos.client.naming.updater] INFO  com.alibaba.nacos.client.naming - new ips(1) service: DEFAULT_GROUP@@service-edu@@DEFAULT -> [{"instanceId":"192.168.163.1#8001#DEFAULT#DEFAULT_GROUP@@service-edu","ip":"192.168.163.1","port":8001,"weight":1.0,"healthy":true,"enabled":true,"ephemeral":true,"clusterName":"DEFAULT","serviceName":"DEFAULT_GROUP@@service-edu","metadata":{"preserved.register.source":"SPRING_CLOUD"},"ipDeleteTimeout":30000,"instanceHeartBeatInterval":5000,"instanceHeartBeatTimeOut":15000}]
2021-09-25 22:57:25.918 [com.alibaba.nacos.client.naming.updater] INFO  com.alibaba.nacos.client.naming - current ips:(1) service: DEFAULT_GROUP@@service-edu@@DEFAULT -> [{"instanceId":"192.168.163.1#8001#DEFAULT#DEFAULT_GROUP@@service-edu","ip":"192.168.163.1","port":8001,"weight":1.0,"healthy":true,"enabled":true,"ephemeral":true,"clusterName":"DEFAULT","serviceName":"DEFAULT_GROUP@@service-edu","metadata":{"preserved.register.source":"SPRING_CLOUD"},"ipDeleteTimeout":30000,"instanceHeartBeatInterval":5000,"instanceHeartBeatTimeOut":15000}]
2021-09-25 22:57:26.282 [restartedMain] INFO  org.springframework.cloud.commons.util.InetUtils - Cannot determine local hostname
2021-09-25 22:57:26.283 [restartedMain] INFO  s.d.s.web.plugins.DocumentationPluginsBootstrapper - Context refreshed
2021-09-25 22:57:26.297 [restartedMain] INFO  s.d.s.web.plugins.DocumentationPluginsBootstrapper - Found 1 custom documentation plugin(s)
2021-09-25 22:57:26.336 [restartedMain] INFO  s.d.spring.web.scanners.ApiListingReferenceScanner - Scanning for api listing references
2021-09-25 22:57:26.465 [restartedMain] INFO  s.d.s.w.r.operation.CachingOperationNameGenerator - Generating unique operation named: getCourseInfoUsingGET_1
2021-09-25 22:57:26.491 [restartedMain] INFO  s.d.s.w.r.operation.CachingOperationNameGenerator - Generating unique operation named: findAllUsingGET_1
2021-09-25 22:57:26.518 [restartedMain] INFO  s.d.s.w.r.operation.CachingOperationNameGenerator - Generating unique operation named: handleUsingGET_1
2021-09-25 22:57:26.519 [restartedMain] INFO  s.d.s.w.r.operation.CachingOperationNameGenerator - Generating unique operation named: handleUsingGET_2
2021-09-25 22:57:26.522 [restartedMain] INFO  s.d.s.w.r.operation.CachingOperationNameGenerator - Generating unique operation named: handleUsingGET_3
2021-09-25 22:57:26.523 [restartedMain] INFO  s.d.s.w.r.operation.CachingOperationNameGenerator - Generating unique operation named: handleUsingDELETE_1
2021-09-25 22:57:26.524 [restartedMain] INFO  s.d.s.w.r.operation.CachingOperationNameGenerator - Generating unique operation named: handleUsingGET_4
2021-09-25 22:57:26.526 [restartedMain] INFO  s.d.s.w.r.operation.CachingOperationNameGenerator - Generating unique operation named: handleUsingGET_5
2021-09-25 22:57:26.527 [restartedMain] INFO  s.d.s.w.r.operation.CachingOperationNameGenerator - Generating unique operation named: handleUsingGET_6
2021-09-25 22:57:26.528 [restartedMain] INFO  s.d.s.w.r.operation.CachingOperationNameGenerator - Generating unique operation named: handleUsingGET_7
2021-09-25 22:57:26.530 [restartedMain] INFO  s.d.s.w.r.operation.CachingOperationNameGenerator - Generating unique operation named: handleUsingGET_8
2021-09-25 22:57:26.531 [restartedMain] INFO  s.d.s.w.r.operation.CachingOperationNameGenerator - Generating unique operation named: handleUsingGET_9
2021-09-25 22:57:26.532 [restartedMain] INFO  s.d.s.w.r.operation.CachingOperationNameGenerator - Generating unique operation named: handleUsingGET_10
2021-09-25 22:57:26.533 [restartedMain] INFO  s.d.s.w.r.operation.CachingOperationNameGenerator - Generating unique operation named: handleUsingGET_11
2021-09-25 22:57:26.534 [restartedMain] INFO  s.d.s.w.r.operation.CachingOperationNameGenerator - Generating unique operation named: handleUsingGET_12
2021-09-25 22:57:26.537 [restartedMain] INFO  s.d.s.w.r.operation.CachingOperationNameGenerator - Generating unique operation named: handleUsingGET_13
2021-09-25 22:57:26.538 [restartedMain] INFO  s.d.s.w.r.operation.CachingOperationNameGenerator - Generating unique operation named: handleUsingGET_14
2021-09-25 22:57:26.539 [restartedMain] INFO  s.d.s.w.r.operation.CachingOperationNameGenerator - Generating unique operation named: handleUsingGET_15
2021-09-25 22:57:26.541 [restartedMain] INFO  s.d.s.w.r.operation.CachingOperationNameGenerator - Generating unique operation named: handleUsingGET_16
2021-09-25 22:57:26.542 [restartedMain] INFO  s.d.s.w.r.operation.CachingOperationNameGenerator - Generating unique operation named: handleUsingGET_17
2021-09-25 22:57:26.543 [restartedMain] INFO  s.d.s.w.r.operation.CachingOperationNameGenerator - Generating unique operation named: handleUsingGET_18
2021-09-25 22:57:26.545 [restartedMain] INFO  s.d.s.w.r.operation.CachingOperationNameGenerator - Generating unique operation named: handleUsingGET_19
2021-09-25 22:57:26.546 [restartedMain] INFO  s.d.s.w.r.operation.CachingOperationNameGenerator - Generating unique operation named: handleUsingPOST_1
2021-09-25 22:57:26.547 [restartedMain] INFO  s.d.s.w.r.operation.CachingOperationNameGenerator - Generating unique operation named: handleUsingGET_20
2021-09-25 22:57:26.548 [restartedMain] INFO  s.d.s.w.r.operation.CachingOperationNameGenerator - Generating unique operation named: handleUsingGET_21
2021-09-25 22:57:26.549 [restartedMain] INFO  s.d.s.w.r.operation.CachingOperationNameGenerator - Generating unique operation named: handleUsingGET_22
2021-09-25 22:57:26.551 [restartedMain] INFO  s.d.s.w.r.operation.CachingOperationNameGenerator - Generating unique operation named: handleUsingPOST_2
2021-09-25 22:57:26.552 [restartedMain] INFO  s.d.s.w.r.operation.CachingOperationNameGenerator - Generating unique operation named: handleUsingGET_23
2021-09-25 22:57:26.553 [restartedMain] INFO  s.d.s.w.r.operation.CachingOperationNameGenerator - Generating unique operation named: findAllUsingGET_2
2021-09-25 22:57:26.556 [restartedMain] INFO  s.d.s.w.r.operation.CachingOperationNameGenerator - Generating unique operation named: pageListTeacherUsingGET_1
2021-09-25 22:57:26.580 [restartedMain] INFO  com.wuzhangze.eduservice.EduApplication - Started EduApplication in 14.334 seconds (JVM running for 15.869)
2021-09-25 22:57:26.586 [restartedMain] INFO  com.alibaba.nacos.client.config.impl.ClientWorker - [fixed-120.25.72.212_8848] [subscribe] nacos-config-client-dev.yml+DEFAULT_GROUP
2021-09-25 22:57:26.587 [restartedMain] INFO  com.alibaba.nacos.client.config.impl.CacheData - [fixed-120.25.72.212_8848] [add-listener] ok, tenant=, dataId=nacos-config-client-dev.yml, group=DEFAULT_GROUP, cnt=1
2021-09-25 22:57:26.587 [restartedMain] INFO  com.alibaba.nacos.client.config.impl.ClientWorker - [fixed-120.25.72.212_8848] [subscribe] nacos-config-client.yml+DEFAULT_GROUP
2021-09-25 22:57:26.588 [restartedMain] INFO  com.alibaba.nacos.client.config.impl.CacheData - [fixed-120.25.72.212_8848] [add-listener] ok, tenant=, dataId=nacos-config-client.yml, group=DEFAULT_GROUP, cnt=1
2021-09-25 22:57:26.588 [restartedMain] INFO  com.alibaba.nacos.client.config.impl.ClientWorker - [fixed-120.25.72.212_8848] [subscribe] nacos-config-client+DEFAULT_GROUP
2021-09-25 22:57:26.588 [restartedMain] INFO  com.alibaba.nacos.client.config.impl.CacheData - [fixed-120.25.72.212_8848] [add-listener] ok, tenant=, dataId=nacos-config-client, group=DEFAULT_GROUP, cnt=1
2021-09-25 22:57:26.993 [RMI TCP Connection(1)-169.254.77.176] INFO  o.a.c.core.ContainerBase.[Tomcat].[localhost].[/] - Initializing Spring DispatcherServlet 'dispatcherServlet'
2021-09-25 22:57:26.994 [RMI TCP Connection(1)-169.254.77.176] INFO  org.springframework.web.servlet.DispatcherServlet - Initializing Servlet 'dispatcherServlet'
2021-09-25 22:57:27.002 [RMI TCP Connection(1)-169.254.77.176] INFO  org.springframework.web.servlet.DispatcherServlet - Completed initialization in 8 ms
2021-09-25 22:57:27.444 [RMI TCP Connection(3)-169.254.77.176] INFO  com.zaxxer.hikari.HikariDataSource - HikariPool-1 - Starting...
2021-09-25 22:57:27.856 [RMI TCP Connection(3)-169.254.77.176] INFO  com.zaxxer.hikari.HikariDataSource - HikariPool-1 - Start completed.
2021-09-25 22:58:11.185 [SpringContextShutdownHook] INFO  o.s.scheduling.concurrent.ThreadPoolTaskScheduler - Shutting down ExecutorService 'Nacos-Watch-Task-Scheduler'
2021-09-25 22:58:11.185 [SpringContextShutdownHook] INFO  com.alibaba.nacos.client.naming - [LISTENER] removing DEFAULT_GROUP@@service-edu with DEFAULT from listener map
2021-09-25 22:58:11.188 [SpringContextShutdownHook] INFO  c.a.cloud.nacos.registry.NacosServiceRegistry - De-registering from Nacos Server now...
2021-09-25 22:58:11.188 [SpringContextShutdownHook] INFO  com.alibaba.nacos.client.naming - [BEAT] removing beat: DEFAULT_GROUP@@service-edu:192.168.163.1:8001 from beat map.
2021-09-25 22:58:11.188 [SpringContextShutdownHook] INFO  com.alibaba.nacos.client.naming - [DEREGISTER-SERVICE] public deregistering service DEFAULT_GROUP@@service-edu with instance: Instance{instanceId='null', ip='192.168.163.1', port=8001, weight=1.0, healthy=true, enabled=true, ephemeral=true, clusterName='DEFAULT', serviceName='null', metadata={}}
2021-09-25 22:58:11.218 [SpringContextShutdownHook] INFO  c.a.cloud.nacos.registry.NacosServiceRegistry - De-registration finished.
2021-09-25 22:58:11.218 [SpringContextShutdownHook] INFO  com.alibaba.nacos.client.naming - com.alibaba.nacos.client.naming.beat.BeatReactor do shutdown begin
