2021-08-19 18:17:32.348 [http-nio-8001-exec-1] WARN  o.s.w.s.m.m.a.ExceptionHandlerExceptionResolver - Resolved [TeacherNotFindException(code=400, msg=未找到教师信息)]
2021-08-19 18:23:56.732 [http-nio-8001-exec-2] WARN  o.s.w.s.m.m.a.ExceptionHandlerExceptionResolver - Resolved [TeacherNotFindException(code=400, msg=未找到教师信息)]
2021-08-19 18:25:13.113 [http-nio-8001-exec-4] WARN  o.s.w.s.m.m.a.ExceptionHandlerExceptionResolver - Resolved [TeacherNotFindException(code=400, msg=未找到教师信息)]
2021-08-19 18:31:16.285 [http-nio-8001-exec-2] WARN  o.s.w.s.m.m.a.ExceptionHandlerExceptionResolver - Resolved [TeacherNotFindException(code=400, msg=未找到教师信息)]
2021-08-19 22:24:27.923 [http-nio-8001-exec-7] WARN  o.s.w.s.m.m.a.ExceptionHandlerExceptionResolver - Resolved [org.springframework.http.converter.HttpMessageNotReadableException: Required request body is missing: public com.wuzhangze.commonutil.R com.wuzhangze.eduservice.controller.EduTeacherController.test(com.wuzhangze.eduservice.entity.vo.TeacherQuery,com.wuzhangze.eduservice.entity.vo.User)]
2021-08-19 22:25:18.927 [http-nio-8001-exec-6] WARN  o.s.w.s.m.m.a.ExceptionHandlerExceptionResolver - Resolved [org.springframework.http.converter.HttpMessageNotReadableException: Required request body is missing: public com.wuzhangze.commonutil.R com.wuzhangze.eduservice.controller.EduTeacherController.test(com.wuzhangze.eduservice.entity.vo.TeacherQuery,com.wuzhangze.eduservice.entity.vo.User)]
2021-08-19 22:37:42.650 [http-nio-8001-exec-3] WARN  o.s.w.s.m.m.a.ExceptionHandlerExceptionResolver - Resolved [org.springframework.http.converter.HttpMessageNotReadableException: Required request body is missing: public com.wuzhangze.commonutil.R com.wuzhangze.eduservice.controller.EduTeacherController.test(java.util.Map<java.lang.String, java.lang.Object>)]
2021-08-19 22:37:58.617 [http-nio-8001-exec-10] WARN  o.s.w.s.m.m.a.ExceptionHandlerExceptionResolver - Resolved [org.springframework.http.converter.HttpMessageNotReadableException: Required request body is missing: public com.wuzhangze.commonutil.R com.wuzhangze.eduservice.controller.EduTeacherController.test(java.util.Map<java.lang.String, java.lang.Object>)]
2021-08-19 22:38:07.081 [http-nio-8001-exec-6] WARN  o.s.w.s.m.m.a.ExceptionHandlerExceptionResolver - Resolved [org.springframework.http.converter.HttpMessageNotReadableException: Required request body is missing: public com.wuzhangze.commonutil.R com.wuzhangze.eduservice.controller.EduTeacherController.test(java.util.Map<java.lang.String, java.lang.Object>)]
2021-08-19 22:38:25.786 [http-nio-8001-exec-2] WARN  o.s.w.s.m.m.a.ExceptionHandlerExceptionResolver - Resolved [org.springframework.http.converter.HttpMessageNotReadableException: Required request body is missing: public com.wuzhangze.commonutil.R com.wuzhangze.eduservice.controller.EduTeacherController.test(java.util.Map<java.lang.String, java.lang.Object>)]
2021-08-19 22:40:15.745 [http-nio-8001-exec-1] WARN  o.s.w.s.m.m.a.ExceptionHandlerExceptionResolver - Resolved [org.springframework.http.converter.HttpMessageNotReadableException: Required request body is missing: public com.wuzhangze.commonutil.R com.wuzhangze.eduservice.controller.EduTeacherController.test(java.util.Map)]
2021-08-19 22:48:08.935 [http-nio-8001-exec-1] WARN  o.s.w.s.m.m.a.ExceptionHandlerExceptionResolver - Resolved [org.springframework.http.converter.HttpMessageNotReadableException: Required request body is missing: public com.wuzhangze.commonutil.R com.wuzhangze.eduservice.controller.EduTeacherController.test(com.wuzhangze.eduservice.entity.vo.User)]
2021-08-19 22:54:32.206 [http-nio-8001-exec-3] WARN  o.s.w.s.m.m.a.ExceptionHandlerExceptionResolver - Resolved [java.lang.ClassCastException: java.util.LinkedHashMap cannot be cast to com.wuzhangze.eduservice.entity.EduTeacher]
2021-08-19 22:54:55.766 [http-nio-8001-exec-4] WARN  o.s.w.s.m.m.a.ExceptionHandlerExceptionResolver - Resolved [java.lang.ClassCastException: java.util.LinkedHashMap cannot be cast to com.wuzhangze.eduservice.entity.EduTeacher]
2021-08-19 22:55:01.154 [http-nio-8001-exec-8] WARN  o.s.w.s.m.m.a.ExceptionHandlerExceptionResolver - Resolved [java.lang.ClassCastException: java.util.LinkedHashMap cannot be cast to com.wuzhangze.eduservice.entity.EduTeacher]
2021-08-19 22:58:03.054 [http-nio-8001-exec-3] WARN  o.s.w.s.m.m.a.ExceptionHandlerExceptionResolver - Resolved [org.springframework.http.converter.HttpMessageNotReadableException: JSON parse error: Cannot deserialize instance of `java.lang.String` out of START_OBJECT token; nested exception is com.fasterxml.jackson.databind.exc.MismatchedInputException: Cannot deserialize instance of `java.lang.String` out of START_OBJECT token
 at [Source: (PushbackInputStream); line: 2, column: 12] (through reference chain: java.util.LinkedHashMap["user"])]
2021-08-19 23:06:26.445 [http-nio-8001-exec-5] WARN  o.s.w.s.m.m.a.ExceptionHandlerExceptionResolver - Resolved [org.springframework.http.converter.HttpMessageNotReadableException: JSON parse error: Cannot deserialize instance of `java.lang.String` out of START_OBJECT token; nested exception is com.fasterxml.jackson.databind.exc.MismatchedInputException: Cannot deserialize instance of `java.lang.String` out of START_OBJECT token
 at [Source: (PushbackInputStream); line: 2, column: 12] (through reference chain: java.util.LinkedHashMap["user"])]
2021-08-19 23:06:56.711 [http-nio-8001-exec-6] WARN  o.s.w.s.m.m.a.ExceptionHandlerExceptionResolver - Resolved [org.springframework.http.converter.HttpMessageNotReadableException: Required request body is missing: public com.wuzhangze.commonutil.R com.wuzhangze.eduservice.controller.EduTeacherController.test(java.util.Map<java.lang.String, java.lang.String>)]
2021-08-19 23:07:58.037 [http-nio-8001-exec-1] WARN  o.s.w.s.m.m.a.ExceptionHandlerExceptionResolver - Resolved [org.springframework.http.converter.HttpMessageNotReadableException: JSON parse error: Unexpected character ('u' (code 117)): was expecting comma to separate Object entries; nested exception is com.fasterxml.jackson.core.JsonParseException: Unexpected character ('u' (code 117)): was expecting comma to separate Object entries
 at [Source: (PushbackInputStream); line: 2, column: 15]]
2021-08-19 23:08:10.183 [http-nio-8001-exec-7] WARN  o.s.w.s.m.m.a.ExceptionHandlerExceptionResolver - Resolved [org.springframework.http.converter.HttpMessageNotReadableException: JSON parse error: Unexpected character (''' (code 39)): expected a valid value (JSON String, Number, Array, Object or token 'null', 'true' or 'false'); nested exception is com.fasterxml.jackson.core.JsonParseException: Unexpected character (''' (code 39)): expected a valid value (JSON String, Number, Array, Object or token 'null', 'true' or 'false')
 at [Source: (PushbackInputStream); line: 2, column: 13]]
